The system is: Linux - 3.10.0-1160.6.1.el7.x86_64 - x86_64
Compiling the C compiler identification source file "CMakeCCompilerId.c" succeeded.
Compiler: /sw/arch/RedHatEnterpriseServer7/EB_production/2019/software/GCCcore/7.3.0/bin/cc 
Build flags: 
Id flags:  

The output was:
0


Compilation of the C compiler identification source "CMakeCCompilerId.c" produced "a.out"

The C compiler identification is GNU, found in "/home/waltera/polIter/build/CMakeFiles/3.12.1/CompilerIdC/a.out"

Compiling the CXX compiler identification source file "CMakeCXXCompilerId.cpp" succeeded.
Compiler: /sw/arch/RedHatEnterpriseServer7/EB_production/2019/software/GCCcore/7.3.0/bin/c++ 
Build flags: 
Id flags:  

The output was:
0


Compilation of the CXX compiler identification source "CMakeCXXCompilerId.cpp" produced "a.out"

The CXX compiler identification is GNU, found in "/home/waltera/polIter/build/CMakeFiles/3.12.1/CompilerIdCXX/a.out"

Determining if the C compiler works passed with the following output:
Change Dir: /home/waltera/polIter/build/CMakeFiles/CMakeTmp

Run Build Command:"/usr/bin/gmake" "cmTC_f64f8/fast"
/usr/bin/gmake -f CMakeFiles/cmTC_f64f8.dir/build.make CMakeFiles/cmTC_f64f8.dir/build
gmake[1]: Entering directory `/nfs/home6/waltera/polIter/build/CMakeFiles/CMakeTmp'
Building C object CMakeFiles/cmTC_f64f8.dir/testCCompiler.c.o
/sw/arch/RedHatEnterpriseServer7/EB_production/2019/software/GCCcore/7.3.0/bin/cc    -o CMakeFiles/cmTC_f64f8.dir/testCCompiler.c.o   -c /home/waltera/polIter/build/CMakeFiles/CMakeTmp/testCCompiler.c
Linking C executable cmTC_f64f8
/nfs/admin/hpc/arch/AVX/RedHatEnterpriseServer7/EB_production/2019/software/CMake/3.12.1-GCCcore-7.3.0/bin/cmake -E cmake_link_script CMakeFiles/cmTC_f64f8.dir/link.txt --verbose=1
/sw/arch/RedHatEnterpriseServer7/EB_production/2019/software/GCCcore/7.3.0/bin/cc      -rdynamic CMakeFiles/cmTC_f64f8.dir/testCCompiler.c.o  -o cmTC_f64f8 
gmake[1]: Leaving directory `/nfs/home6/waltera/polIter/build/CMakeFiles/CMakeTmp'


Detecting C compiler ABI info compiled with the following output:
Change Dir: /home/waltera/polIter/build/CMakeFiles/CMakeTmp

Run Build Command:"/usr/bin/gmake" "cmTC_cca45/fast"
/usr/bin/gmake -f CMakeFiles/cmTC_cca45.dir/build.make CMakeFiles/cmTC_cca45.dir/build
gmake[1]: Entering directory `/nfs/home6/waltera/polIter/build/CMakeFiles/CMakeTmp'
Building C object CMakeFiles/cmTC_cca45.dir/CMakeCCompilerABI.c.o
/sw/arch/RedHatEnterpriseServer7/EB_production/2019/software/GCCcore/7.3.0/bin/cc    -o CMakeFiles/cmTC_cca45.dir/CMakeCCompilerABI.c.o   -c /nfs/admin/hpc/arch/AVX/RedHatEnterpriseServer7/EB_production/2019/software/CMake/3.12.1-GCCcore-7.3.0/share/cmake-3.12/Modules/CMakeCCompilerABI.c
Linking C executable cmTC_cca45
/nfs/admin/hpc/arch/AVX/RedHatEnterpriseServer7/EB_production/2019/software/CMake/3.12.1-GCCcore-7.3.0/bin/cmake -E cmake_link_script CMakeFiles/cmTC_cca45.dir/link.txt --verbose=1
/sw/arch/RedHatEnterpriseServer7/EB_production/2019/software/GCCcore/7.3.0/bin/cc     -v -rdynamic CMakeFiles/cmTC_cca45.dir/CMakeCCompilerABI.c.o  -o cmTC_cca45 
Using built-in specs.
COLLECT_GCC=/sw/arch/RedHatEnterpriseServer7/EB_production/2019/software/GCCcore/7.3.0/bin/cc
COLLECT_LTO_WRAPPER=/nfs/admin/hpc/arch/AVX/RedHatEnterpriseServer7/EB_production/2019/software/GCCcore/7.3.0/bin/../libexec/gcc/x86_64-pc-linux-gnu/7.3.0/lto-wrapper
Target: x86_64-pc-linux-gnu
Configured with: ../configure --enable-languages=c,c++,fortran --enable-lto --enable-checking=release --disable-multilib --enable-shared=yes --enable-static=yes --enable-threads=posix --enable-plugins --enable-gold=default --enable-ld --with-plugin-ld=ld.gold --prefix=/sw/arch/RedHatEnterpriseServer7/EB_production/2019/software/GCCcore/7.3.0 --with-local-prefix=/sw/arch/RedHatEnterpriseServer7/EB_production/2019/software/GCCcore/7.3.0 --enable-bootstrap --with-isl=/scratch/nodespecific/tcn180/jenkins/regression/build/GCCcore/7.3.0/dummy-/gcc-7.3.0/stage2_stuff
Thread model: posix
gcc version 7.3.0 (GCC) 
COMPILER_PATH=/nfs/admin/hpc/arch/AVX/RedHatEnterpriseServer7/EB_production/2019/software/GCCcore/7.3.0/bin/../libexec/gcc/x86_64-pc-linux-gnu/7.3.0/:/nfs/admin/hpc/arch/AVX/RedHatEnterpriseServer7/EB_production/2019/software/GCCcore/7.3.0/bin/../libexec/gcc/
LIBRARY_PATH=/nfs/admin/hpc/arch/AVX/RedHatEnterpriseServer7/EB_production/2019/software/GCCcore/7.3.0/bin/../lib/gcc/x86_64-pc-linux-gnu/7.3.0/:/nfs/admin/hpc/arch/AVX/RedHatEnterpriseServer7/EB_production/2019/software/GCCcore/7.3.0/bin/../lib/gcc/:/sw/arch/RedHatEnterpriseServer7/EB_production/2019/software/GCCcore/7.3.0/lib64/../lib64/:/sw/arch/RedHatEnterpriseServer7/EB_production/2019/software/GCCcore/7.3.0/lib/../lib64/:/sw/arch/RedHatEnterpriseServer7/EB_production/2019/software/cuDNN/7.6.5.32-CUDA-10.1.243/lib64/../lib64/:/nfs/admin/hpc/arch/AVX/RedHatEnterpriseServer7/EB_production/2019/software/GCCcore/7.3.0/bin/../lib/gcc/x86_64-pc-linux-gnu/7.3.0/../../../../lib64/:/lib/../lib64/:/usr/lib/../lib64/:/sw/arch/RedHatEnterpriseServer7/EB_production/2019/software/MPICH/3.2.1-GCC-7.3.0-2.30/lib/:/sw/arch/RedHatEnterpriseServer7/EB_production/2019/software/binutils/2.30-GCCcore-7.3.0/lib/:/sw/arch/RedHatEnterpriseServer7/EB_production/2019/software/cURL/7.60.0-GCCcore-7.3.0/lib/:/sw/arch/RedHatEnterpriseServer7/EB_production/2019/software/bzip2/1.0.6-GCCcore-7.3.0/lib/:/sw/arch/RedHatEnterpriseServer7/EB_production/2019/software/zlib/1.2.11-GCCcore-7.3.0/lib/:/sw/arch/RedHatEnterpriseServer7/EB_production/2019/software/ncurses/6.1-GCCcore-7.3.0/lib/:/sw/arch/RedHatEnterpriseServer7/EB_production/2019/software/XZ/5.2.4-GCCcore-7.3.0/lib/:/sw/arch/RedHatEnterpriseServer7/EB_production/2019/software/GCCcore/7.3.0/lib64/:/sw/arch/RedHatEnterpriseServer7/EB_production/2019/software/GCCcore/7.3.0/lib/:/sw/arch/RedHatEnterpriseServer7/EB_production/2019/software/cuDNN/7.6.5.32-CUDA-10.1.243/lib64/:/sw/arch/RedHatEnterpriseServer7/EB_production/2019/software/CUDA/10.1.243/lib64/stubs/:/sw/arch/RedHatEnterpriseServer7/EB_production/2019/software/CUDA/10.1.243/lib64/:/nfs/admin/hpc/arch/AVX/RedHatEnterpriseServer7/EB_production/2019/software/GCCcore/7.3.0/bin/../lib/gcc/x86_64-pc-linux-gnu/7.3.0/../../../:/lib/:/usr/lib/
COLLECT_GCC_OPTIONS='-v' '-rdynamic' '-o' 'cmTC_cca45' '-mtune=generic' '-march=x86-64'
 /nfs/admin/hpc/arch/AVX/RedHatEnterpriseServer7/EB_production/2019/software/GCCcore/7.3.0/bin/../libexec/gcc/x86_64-pc-linux-gnu/7.3.0/collect2 -plugin /nfs/admin/hpc/arch/AVX/RedHatEnterpriseServer7/EB_production/2019/software/GCCcore/7.3.0/bin/../libexec/gcc/x86_64-pc-linux-gnu/7.3.0/liblto_plugin.so -plugin-opt=/nfs/admin/hpc/arch/AVX/RedHatEnterpriseServer7/EB_production/2019/software/GCCcore/7.3.0/bin/../libexec/gcc/x86_64-pc-linux-gnu/7.3.0/lto-wrapper -plugin-opt=-fresolution=/scratch-local/waltera/ccK3nWvG.res -plugin-opt=-pass-through=-lgcc -plugin-opt=-pass-through=-lgcc_s -plugin-opt=-pass-through=-lc -plugin-opt=-pass-through=-lgcc -plugin-opt=-pass-through=-lgcc_s --eh-frame-hdr -m elf_x86_64 -export-dynamic -dynamic-linker /lib64/ld-linux-x86-64.so.2 -o cmTC_cca45 /lib/../lib64/crt1.o /lib/../lib64/crti.o /nfs/admin/hpc/arch/AVX/RedHatEnterpriseServer7/EB_production/2019/software/GCCcore/7.3.0/bin/../lib/gcc/x86_64-pc-linux-gnu/7.3.0/crtbegin.o -L/nfs/admin/hpc/arch/AVX/RedHatEnterpriseServer7/EB_production/2019/software/GCCcore/7.3.0/bin/../lib/gcc/x86_64-pc-linux-gnu/7.3.0 -L/nfs/admin/hpc/arch/AVX/RedHatEnterpriseServer7/EB_production/2019/software/GCCcore/7.3.0/bin/../lib/gcc -L/sw/arch/RedHatEnterpriseServer7/EB_production/2019/software/GCCcore/7.3.0/lib64/../lib64 -L/sw/arch/RedHatEnterpriseServer7/EB_production/2019/software/GCCcore/7.3.0/lib/../lib64 -L/sw/arch/RedHatEnterpriseServer7/EB_production/2019/software/cuDNN/7.6.5.32-CUDA-10.1.243/lib64/../lib64 -L/nfs/admin/hpc/arch/AVX/RedHatEnterpriseServer7/EB_production/2019/software/GCCcore/7.3.0/bin/../lib/gcc/x86_64-pc-linux-gnu/7.3.0/../../../../lib64 -L/lib/../lib64 -L/usr/lib/../lib64 -L/sw/arch/RedHatEnterpriseServer7/EB_production/2019/software/MPICH/3.2.1-GCC-7.3.0-2.30/lib -L/sw/arch/RedHatEnterpriseServer7/EB_production/2019/software/binutils/2.30-GCCcore-7.3.0/lib -L/sw/arch/RedHatEnterpriseServer7/EB_production/2019/software/cURL/7.60.0-GCCcore-7.3.0/lib -L/sw/arch/RedHatEnterpriseServer7/EB_production/2019/software/bzip2/1.0.6-GCCcore-7.3.0/lib -L/sw/arch/RedHatEnterpriseServer7/EB_production/2019/software/zlib/1.2.11-GCCcore-7.3.0/lib -L/sw/arch/RedHatEnterpriseServer7/EB_production/2019/software/ncurses/6.1-GCCcore-7.3.0/lib -L/sw/arch/RedHatEnterpriseServer7/EB_production/2019/software/XZ/5.2.4-GCCcore-7.3.0/lib -L/sw/arch/RedHatEnterpriseServer7/EB_production/2019/software/GCCcore/7.3.0/lib64 -L/sw/arch/RedHatEnterpriseServer7/EB_production/2019/software/GCCcore/7.3.0/lib -L/sw/arch/RedHatEnterpriseServer7/EB_production/2019/software/cuDNN/7.6.5.32-CUDA-10.1.243/lib64 -L/sw/arch/RedHatEnterpriseServer7/EB_production/2019/software/CUDA/10.1.243/lib64/stubs -L/sw/arch/RedHatEnterpriseServer7/EB_production/2019/software/CUDA/10.1.243/lib64 -L/nfs/admin/hpc/arch/AVX/RedHatEnterpriseServer7/EB_production/2019/software/GCCcore/7.3.0/bin/../lib/gcc/x86_64-pc-linux-gnu/7.3.0/../../.. CMakeFiles/cmTC_cca45.dir/CMakeCCompilerABI.c.o -lgcc --as-needed -lgcc_s --no-as-needed -lc -lgcc --as-needed -lgcc_s --no-as-needed /nfs/admin/hpc/arch/AVX/RedHatEnterpriseServer7/EB_production/2019/software/GCCcore/7.3.0/bin/../lib/gcc/x86_64-pc-linux-gnu/7.3.0/crtend.o /lib/../lib64/crtn.o
COLLECT_GCC_OPTIONS='-v' '-rdynamic' '-o' 'cmTC_cca45' '-mtune=generic' '-march=x86-64'
gmake[1]: Leaving directory `/nfs/home6/waltera/polIter/build/CMakeFiles/CMakeTmp'


Parsed C implicit link information from above output:
  link line regex: [^( *|.*[/\])(ld|CMAKE_LINK_STARTFILE-NOTFOUND|([^/\]+-)?ld|collect2)[^/\]*( |$)]
  ignore line: [Change Dir: /home/waltera/polIter/build/CMakeFiles/CMakeTmp]
  ignore line: []
  ignore line: [Run Build Command:"/usr/bin/gmake" "cmTC_cca45/fast"]
  ignore line: [/usr/bin/gmake -f CMakeFiles/cmTC_cca45.dir/build.make CMakeFiles/cmTC_cca45.dir/build]
  ignore line: [gmake[1]: Entering directory `/nfs/home6/waltera/polIter/build/CMakeFiles/CMakeTmp']
  ignore line: [Building C object CMakeFiles/cmTC_cca45.dir/CMakeCCompilerABI.c.o]
  ignore line: [/sw/arch/RedHatEnterpriseServer7/EB_production/2019/software/GCCcore/7.3.0/bin/cc    -o CMakeFiles/cmTC_cca45.dir/CMakeCCompilerABI.c.o   -c /nfs/admin/hpc/arch/AVX/RedHatEnterpriseServer7/EB_production/2019/software/CMake/3.12.1-GCCcore-7.3.0/share/cmake-3.12/Modules/CMakeCCompilerABI.c]
  ignore line: [Linking C executable cmTC_cca45]
  ignore line: [/nfs/admin/hpc/arch/AVX/RedHatEnterpriseServer7/EB_production/2019/software/CMake/3.12.1-GCCcore-7.3.0/bin/cmake -E cmake_link_script CMakeFiles/cmTC_cca45.dir/link.txt --verbose=1]
  ignore line: [/sw/arch/RedHatEnterpriseServer7/EB_production/2019/software/GCCcore/7.3.0/bin/cc     -v -rdynamic CMakeFiles/cmTC_cca45.dir/CMakeCCompilerABI.c.o  -o cmTC_cca45 ]
  ignore line: [Using built-in specs.]
  ignore line: [COLLECT_GCC=/sw/arch/RedHatEnterpriseServer7/EB_production/2019/software/GCCcore/7.3.0/bin/cc]
  ignore line: [COLLECT_LTO_WRAPPER=/nfs/admin/hpc/arch/AVX/RedHatEnterpriseServer7/EB_production/2019/software/GCCcore/7.3.0/bin/../libexec/gcc/x86_64-pc-linux-gnu/7.3.0/lto-wrapper]
  ignore line: [Target: x86_64-pc-linux-gnu]
  ignore line: [Configured with: ../configure --enable-languages=c,c++,fortran --enable-lto --enable-checking=release --disable-multilib --enable-shared=yes --enable-static=yes --enable-threads=posix --enable-plugins --enable-gold=default --enable-ld --with-plugin-ld=ld.gold --prefix=/sw/arch/RedHatEnterpriseServer7/EB_production/2019/software/GCCcore/7.3.0 --with-local-prefix=/sw/arch/RedHatEnterpriseServer7/EB_production/2019/software/GCCcore/7.3.0 --enable-bootstrap --with-isl=/scratch/nodespecific/tcn180/jenkins/regression/build/GCCcore/7.3.0/dummy-/gcc-7.3.0/stage2_stuff]
  ignore line: [Thread model: posix]
  ignore line: [gcc version 7.3.0 (GCC) ]
  ignore line: [COMPILER_PATH=/nfs/admin/hpc/arch/AVX/RedHatEnterpriseServer7/EB_production/2019/software/GCCcore/7.3.0/bin/../libexec/gcc/x86_64-pc-linux-gnu/7.3.0/:/nfs/admin/hpc/arch/AVX/RedHatEnterpriseServer7/EB_production/2019/software/GCCcore/7.3.0/bin/../libexec/gcc/]
  ignore line: [LIBRARY_PATH=/nfs/admin/hpc/arch/AVX/RedHatEnterpriseServer7/EB_production/2019/software/GCCcore/7.3.0/bin/../lib/gcc/x86_64-pc-linux-gnu/7.3.0/:/nfs/admin/hpc/arch/AVX/RedHatEnterpriseServer7/EB_production/2019/software/GCCcore/7.3.0/bin/../lib/gcc/:/sw/arch/RedHatEnterpriseServer7/EB_production/2019/software/GCCcore/7.3.0/lib64/../lib64/:/sw/arch/RedHatEnterpriseServer7/EB_production/2019/software/GCCcore/7.3.0/lib/../lib64/:/sw/arch/RedHatEnterpriseServer7/EB_production/2019/software/cuDNN/7.6.5.32-CUDA-10.1.243/lib64/../lib64/:/nfs/admin/hpc/arch/AVX/RedHatEnterpriseServer7/EB_production/2019/software/GCCcore/7.3.0/bin/../lib/gcc/x86_64-pc-linux-gnu/7.3.0/../../../../lib64/:/lib/../lib64/:/usr/lib/../lib64/:/sw/arch/RedHatEnterpriseServer7/EB_production/2019/software/MPICH/3.2.1-GCC-7.3.0-2.30/lib/:/sw/arch/RedHatEnterpriseServer7/EB_production/2019/software/binutils/2.30-GCCcore-7.3.0/lib/:/sw/arch/RedHatEnterpriseServer7/EB_production/2019/software/cURL/7.60.0-GCCcore-7.3.0/lib/:/sw/arch/RedHatEnterpriseServer7/EB_production/2019/software/bzip2/1.0.6-GCCcore-7.3.0/lib/:/sw/arch/RedHatEnterpriseServer7/EB_production/2019/software/zlib/1.2.11-GCCcore-7.3.0/lib/:/sw/arch/RedHatEnterpriseServer7/EB_production/2019/software/ncurses/6.1-GCCcore-7.3.0/lib/:/sw/arch/RedHatEnterpriseServer7/EB_production/2019/software/XZ/5.2.4-GCCcore-7.3.0/lib/:/sw/arch/RedHatEnterpriseServer7/EB_production/2019/software/GCCcore/7.3.0/lib64/:/sw/arch/RedHatEnterpriseServer7/EB_production/2019/software/GCCcore/7.3.0/lib/:/sw/arch/RedHatEnterpriseServer7/EB_production/2019/software/cuDNN/7.6.5.32-CUDA-10.1.243/lib64/:/sw/arch/RedHatEnterpriseServer7/EB_production/2019/software/CUDA/10.1.243/lib64/stubs/:/sw/arch/RedHatEnterpriseServer7/EB_production/2019/software/CUDA/10.1.243/lib64/:/nfs/admin/hpc/arch/AVX/RedHatEnterpriseServer7/EB_production/2019/software/GCCcore/7.3.0/bin/../lib/gcc/x86_64-pc-linux-gnu/7.3.0/../../../:/lib/:/usr/lib/]
  ignore line: [COLLECT_GCC_OPTIONS='-v' '-rdynamic' '-o' 'cmTC_cca45' '-mtune=generic' '-march=x86-64']
  link line: [ /nfs/admin/hpc/arch/AVX/RedHatEnterpriseServer7/EB_production/2019/software/GCCcore/7.3.0/bin/../libexec/gcc/x86_64-pc-linux-gnu/7.3.0/collect2 -plugin /nfs/admin/hpc/arch/AVX/RedHatEnterpriseServer7/EB_production/2019/software/GCCcore/7.3.0/bin/../libexec/gcc/x86_64-pc-linux-gnu/7.3.0/liblto_plugin.so -plugin-opt=/nfs/admin/hpc/arch/AVX/RedHatEnterpriseServer7/EB_production/2019/software/GCCcore/7.3.0/bin/../libexec/gcc/x86_64-pc-linux-gnu/7.3.0/lto-wrapper -plugin-opt=-fresolution=/scratch-local/waltera/ccK3nWvG.res -plugin-opt=-pass-through=-lgcc -plugin-opt=-pass-through=-lgcc_s -plugin-opt=-pass-through=-lc -plugin-opt=-pass-through=-lgcc -plugin-opt=-pass-through=-lgcc_s --eh-frame-hdr -m elf_x86_64 -export-dynamic -dynamic-linker /lib64/ld-linux-x86-64.so.2 -o cmTC_cca45 /lib/../lib64/crt1.o /lib/../lib64/crti.o /nfs/admin/hpc/arch/AVX/RedHatEnterpriseServer7/EB_production/2019/software/GCCcore/7.3.0/bin/../lib/gcc/x86_64-pc-linux-gnu/7.3.0/crtbegin.o -L/nfs/admin/hpc/arch/AVX/RedHatEnterpriseServer7/EB_production/2019/software/GCCcore/7.3.0/bin/../lib/gcc/x86_64-pc-linux-gnu/7.3.0 -L/nfs/admin/hpc/arch/AVX/RedHatEnterpriseServer7/EB_production/2019/software/GCCcore/7.3.0/bin/../lib/gcc -L/sw/arch/RedHatEnterpriseServer7/EB_production/2019/software/GCCcore/7.3.0/lib64/../lib64 -L/sw/arch/RedHatEnterpriseServer7/EB_production/2019/software/GCCcore/7.3.0/lib/../lib64 -L/sw/arch/RedHatEnterpriseServer7/EB_production/2019/software/cuDNN/7.6.5.32-CUDA-10.1.243/lib64/../lib64 -L/nfs/admin/hpc/arch/AVX/RedHatEnterpriseServer7/EB_production/2019/software/GCCcore/7.3.0/bin/../lib/gcc/x86_64-pc-linux-gnu/7.3.0/../../../../lib64 -L/lib/../lib64 -L/usr/lib/../lib64 -L/sw/arch/RedHatEnterpriseServer7/EB_production/2019/software/MPICH/3.2.1-GCC-7.3.0-2.30/lib -L/sw/arch/RedHatEnterpriseServer7/EB_production/2019/software/binutils/2.30-GCCcore-7.3.0/lib -L/sw/arch/RedHatEnterpriseServer7/EB_production/2019/software/cURL/7.60.0-GCCcore-7.3.0/lib -L/sw/arch/RedHatEnterpriseServer7/EB_production/2019/software/bzip2/1.0.6-GCCcore-7.3.0/lib -L/sw/arch/RedHatEnterpriseServer7/EB_production/2019/software/zlib/1.2.11-GCCcore-7.3.0/lib -L/sw/arch/RedHatEnterpriseServer7/EB_production/2019/software/ncurses/6.1-GCCcore-7.3.0/lib -L/sw/arch/RedHatEnterpriseServer7/EB_production/2019/software/XZ/5.2.4-GCCcore-7.3.0/lib -L/sw/arch/RedHatEnterpriseServer7/EB_production/2019/software/GCCcore/7.3.0/lib64 -L/sw/arch/RedHatEnterpriseServer7/EB_production/2019/software/GCCcore/7.3.0/lib -L/sw/arch/RedHatEnterpriseServer7/EB_production/2019/software/cuDNN/7.6.5.32-CUDA-10.1.243/lib64 -L/sw/arch/RedHatEnterpriseServer7/EB_production/2019/software/CUDA/10.1.243/lib64/stubs -L/sw/arch/RedHatEnterpriseServer7/EB_production/2019/software/CUDA/10.1.243/lib64 -L/nfs/admin/hpc/arch/AVX/RedHatEnterpriseServer7/EB_production/2019/software/GCCcore/7.3.0/bin/../lib/gcc/x86_64-pc-linux-gnu/7.3.0/../../.. CMakeFiles/cmTC_cca45.dir/CMakeCCompilerABI.c.o -lgcc --as-needed -lgcc_s --no-as-needed -lc -lgcc --as-needed -lgcc_s --no-as-needed /nfs/admin/hpc/arch/AVX/RedHatEnterpriseServer7/EB_production/2019/software/GCCcore/7.3.0/bin/../lib/gcc/x86_64-pc-linux-gnu/7.3.0/crtend.o /lib/../lib64/crtn.o]
    arg [/nfs/admin/hpc/arch/AVX/RedHatEnterpriseServer7/EB_production/2019/software/GCCcore/7.3.0/bin/../libexec/gcc/x86_64-pc-linux-gnu/7.3.0/collect2] ==> ignore
    arg [-plugin] ==> ignore
    arg [/nfs/admin/hpc/arch/AVX/RedHatEnterpriseServer7/EB_production/2019/software/GCCcore/7.3.0/bin/../libexec/gcc/x86_64-pc-linux-gnu/7.3.0/liblto_plugin.so] ==> ignore
    arg [-plugin-opt=/nfs/admin/hpc/arch/AVX/RedHatEnterpriseServer7/EB_production/2019/software/GCCcore/7.3.0/bin/../libexec/gcc/x86_64-pc-linux-gnu/7.3.0/lto-wrapper] ==> ignore
    arg [-plugin-opt=-fresolution=/scratch-local/waltera/ccK3nWvG.res] ==> ignore
    arg [-plugin-opt=-pass-through=-lgcc] ==> ignore
    arg [-plugin-opt=-pass-through=-lgcc_s] ==> ignore
    arg [-plugin-opt=-pass-through=-lc] ==> ignore
    arg [-plugin-opt=-pass-through=-lgcc] ==> ignore
    arg [-plugin-opt=-pass-through=-lgcc_s] ==> ignore
    arg [--eh-frame-hdr] ==> ignore
    arg [-m] ==> ignore
    arg [elf_x86_64] ==> ignore
    arg [-export-dynamic] ==> ignore
    arg [-dynamic-linker] ==> ignore
    arg [/lib64/ld-linux-x86-64.so.2] ==> ignore
    arg [-o] ==> ignore
    arg [cmTC_cca45] ==> ignore
    arg [/lib/../lib64/crt1.o] ==> ignore
    arg [/lib/../lib64/crti.o] ==> ignore
    arg [/nfs/admin/hpc/arch/AVX/RedHatEnterpriseServer7/EB_production/2019/software/GCCcore/7.3.0/bin/../lib/gcc/x86_64-pc-linux-gnu/7.3.0/crtbegin.o] ==> ignore
    arg [-L/nfs/admin/hpc/arch/AVX/RedHatEnterpriseServer7/EB_production/2019/software/GCCcore/7.3.0/bin/../lib/gcc/x86_64-pc-linux-gnu/7.3.0] ==> dir [/nfs/admin/hpc/arch/AVX/RedHatEnterpriseServer7/EB_production/2019/software/GCCcore/7.3.0/bin/../lib/gcc/x86_64-pc-linux-gnu/7.3.0]
    arg [-L/nfs/admin/hpc/arch/AVX/RedHatEnterpriseServer7/EB_production/2019/software/GCCcore/7.3.0/bin/../lib/gcc] ==> dir [/nfs/admin/hpc/arch/AVX/RedHatEnterpriseServer7/EB_production/2019/software/GCCcore/7.3.0/bin/../lib/gcc]
    arg [-L/sw/arch/RedHatEnterpriseServer7/EB_production/2019/software/GCCcore/7.3.0/lib64/../lib64] ==> dir [/sw/arch/RedHatEnterpriseServer7/EB_production/2019/software/GCCcore/7.3.0/lib64/../lib64]
    arg [-L/sw/arch/RedHatEnterpriseServer7/EB_production/2019/software/GCCcore/7.3.0/lib/../lib64] ==> dir [/sw/arch/RedHatEnterpriseServer7/EB_production/2019/software/GCCcore/7.3.0/lib/../lib64]
    arg [-L/sw/arch/RedHatEnterpriseServer7/EB_production/2019/software/cuDNN/7.6.5.32-CUDA-10.1.243/lib64/../lib64] ==> dir [/sw/arch/RedHatEnterpriseServer7/EB_production/2019/software/cuDNN/7.6.5.32-CUDA-10.1.243/lib64/../lib64]
    arg [-L/nfs/admin/hpc/arch/AVX/RedHatEnterpriseServer7/EB_production/2019/software/GCCcore/7.3.0/bin/../lib/gcc/x86_64-pc-linux-gnu/7.3.0/../../../../lib64] ==> dir [/nfs/admin/hpc/arch/AVX/RedHatEnterpriseServer7/EB_production/2019/software/GCCcore/7.3.0/bin/../lib/gcc/x86_64-pc-linux-gnu/7.3.0/../../../../lib64]
    arg [-L/lib/../lib64] ==> dir [/lib/../lib64]
    arg [-L/usr/lib/../lib64] ==> dir [/usr/lib/../lib64]
    arg [-L/sw/arch/RedHatEnterpriseServer7/EB_production/2019/software/MPICH/3.2.1-GCC-7.3.0-2.30/lib] ==> dir [/sw/arch/RedHatEnterpriseServer7/EB_production/2019/software/MPICH/3.2.1-GCC-7.3.0-2.30/lib]
    arg [-L/sw/arch/RedHatEnterpriseServer7/EB_production/2019/software/binutils/2.30-GCCcore-7.3.0/lib] ==> dir [/sw/arch/RedHatEnterpriseServer7/EB_production/2019/software/binutils/2.30-GCCcore-7.3.0/lib]
    arg [-L/sw/arch/RedHatEnterpriseServer7/EB_production/2019/software/cURL/7.60.0-GCCcore-7.3.0/lib] ==> dir [/sw/arch/RedHatEnterpriseServer7/EB_production/2019/software/cURL/7.60.0-GCCcore-7.3.0/lib]
    arg [-L/sw/arch/RedHatEnterpriseServer7/EB_production/2019/software/bzip2/1.0.6-GCCcore-7.3.0/lib] ==> dir [/sw/arch/RedHatEnterpriseServer7/EB_production/2019/software/bzip2/1.0.6-GCCcore-7.3.0/lib]
    arg [-L/sw/arch/RedHatEnterpriseServer7/EB_production/2019/software/zlib/1.2.11-GCCcore-7.3.0/lib] ==> dir [/sw/arch/RedHatEnterpriseServer7/EB_production/2019/software/zlib/1.2.11-GCCcore-7.3.0/lib]
    arg [-L/sw/arch/RedHatEnterpriseServer7/EB_production/2019/software/ncurses/6.1-GCCcore-7.3.0/lib] ==> dir [/sw/arch/RedHatEnterpriseServer7/EB_production/2019/software/ncurses/6.1-GCCcore-7.3.0/lib]
    arg [-L/sw/arch/RedHatEnterpriseServer7/EB_production/2019/software/XZ/5.2.4-GCCcore-7.3.0/lib] ==> dir [/sw/arch/RedHatEnterpriseServer7/EB_production/2019/software/XZ/5.2.4-GCCcore-7.3.0/lib]
    arg [-L/sw/arch/RedHatEnterpriseServer7/EB_production/2019/software/GCCcore/7.3.0/lib64] ==> dir [/sw/arch/RedHatEnterpriseServer7/EB_production/2019/software/GCCcore/7.3.0/lib64]
    arg [-L/sw/arch/RedHatEnterpriseServer7/EB_production/2019/software/GCCcore/7.3.0/lib] ==> dir [/sw/arch/RedHatEnterpriseServer7/EB_production/2019/software/GCCcore/7.3.0/lib]
    arg [-L/sw/arch/RedHatEnterpriseServer7/EB_production/2019/software/cuDNN/7.6.5.32-CUDA-10.1.243/lib64] ==> dir [/sw/arch/RedHatEnterpriseServer7/EB_production/2019/software/cuDNN/7.6.5.32-CUDA-10.1.243/lib64]
    arg [-L/sw/arch/RedHatEnterpriseServer7/EB_production/2019/software/CUDA/10.1.243/lib64/stubs] ==> dir [/sw/arch/RedHatEnterpriseServer7/EB_production/2019/software/CUDA/10.1.243/lib64/stubs]
    arg [-L/sw/arch/RedHatEnterpriseServer7/EB_production/2019/software/CUDA/10.1.243/lib64] ==> dir [/sw/arch/RedHatEnterpriseServer7/EB_production/2019/software/CUDA/10.1.243/lib64]
    arg [-L/nfs/admin/hpc/arch/AVX/RedHatEnterpriseServer7/EB_production/2019/software/GCCcore/7.3.0/bin/../lib/gcc/x86_64-pc-linux-gnu/7.3.0/../../..] ==> dir [/nfs/admin/hpc/arch/AVX/RedHatEnterpriseServer7/EB_production/2019/software/GCCcore/7.3.0/bin/../lib/gcc/x86_64-pc-linux-gnu/7.3.0/../../..]
    arg [CMakeFiles/cmTC_cca45.dir/CMakeCCompilerABI.c.o] ==> ignore
    arg [-lgcc] ==> lib [gcc]
    arg [--as-needed] ==> ignore
    arg [-lgcc_s] ==> lib [gcc_s]
    arg [--no-as-needed] ==> ignore
    arg [-lc] ==> lib [c]
    arg [-lgcc] ==> lib [gcc]
    arg [--as-needed] ==> ignore
    arg [-lgcc_s] ==> lib [gcc_s]
    arg [--no-as-needed] ==> ignore
    arg [/nfs/admin/hpc/arch/AVX/RedHatEnterpriseServer7/EB_production/2019/software/GCCcore/7.3.0/bin/../lib/gcc/x86_64-pc-linux-gnu/7.3.0/crtend.o] ==> ignore
    arg [/lib/../lib64/crtn.o] ==> ignore
  collapse library dir [/nfs/admin/hpc/arch/AVX/RedHatEnterpriseServer7/EB_production/2019/software/GCCcore/7.3.0/bin/../lib/gcc/x86_64-pc-linux-gnu/7.3.0] ==> [/nfs/admin/hpc/arch/AVX/RedHatEnterpriseServer7/EB_production/2019/software/GCCcore/7.3.0/lib/gcc/x86_64-pc-linux-gnu/7.3.0]
  collapse library dir [/nfs/admin/hpc/arch/AVX/RedHatEnterpriseServer7/EB_production/2019/software/GCCcore/7.3.0/bin/../lib/gcc] ==> [/nfs/admin/hpc/arch/AVX/RedHatEnterpriseServer7/EB_production/2019/software/GCCcore/7.3.0/lib/gcc]
  collapse library dir [/sw/arch/RedHatEnterpriseServer7/EB_production/2019/software/GCCcore/7.3.0/lib64/../lib64] ==> [/sw/arch/RedHatEnterpriseServer7/EB_production/2019/software/GCCcore/7.3.0/lib64]
  collapse library dir [/sw/arch/RedHatEnterpriseServer7/EB_production/2019/software/GCCcore/7.3.0/lib/../lib64] ==> [/sw/arch/RedHatEnterpriseServer7/EB_production/2019/software/GCCcore/7.3.0/lib64]
  collapse library dir [/sw/arch/RedHatEnterpriseServer7/EB_production/2019/software/cuDNN/7.6.5.32-CUDA-10.1.243/lib64/../lib64] ==> [/sw/arch/RedHatEnterpriseServer7/EB_production/2019/software/cuDNN/7.6.5.32-CUDA-10.1.243/lib64]
  collapse library dir [/nfs/admin/hpc/arch/AVX/RedHatEnterpriseServer7/EB_production/2019/software/GCCcore/7.3.0/bin/../lib/gcc/x86_64-pc-linux-gnu/7.3.0/../../../../lib64] ==> [/nfs/admin/hpc/arch/AVX/RedHatEnterpriseServer7/EB_production/2019/software/GCCcore/7.3.0/lib64]
  collapse library dir [/lib/../lib64] ==> [/lib64]
  collapse library dir [/usr/lib/../lib64] ==> [/usr/lib64]
  collapse library dir [/sw/arch/RedHatEnterpriseServer7/EB_production/2019/software/MPICH/3.2.1-GCC-7.3.0-2.30/lib] ==> [/sw/arch/RedHatEnterpriseServer7/EB_production/2019/software/MPICH/3.2.1-GCC-7.3.0-2.30/lib]
  collapse library dir [/sw/arch/RedHatEnterpriseServer7/EB_production/2019/software/binutils/2.30-GCCcore-7.3.0/lib] ==> [/sw/arch/RedHatEnterpriseServer7/EB_production/2019/software/binutils/2.30-GCCcore-7.3.0/lib]
  collapse library dir [/sw/arch/RedHatEnterpriseServer7/EB_production/2019/software/cURL/7.60.0-GCCcore-7.3.0/lib] ==> [/sw/arch/RedHatEnterpriseServer7/EB_production/2019/software/cURL/7.60.0-GCCcore-7.3.0/lib]
  collapse library dir [/sw/arch/RedHatEnterpriseServer7/EB_production/2019/software/bzip2/1.0.6-GCCcore-7.3.0/lib] ==> [/sw/arch/RedHatEnterpriseServer7/EB_production/2019/software/bzip2/1.0.6-GCCcore-7.3.0/lib]
  collapse library dir [/sw/arch/RedHatEnterpriseServer7/EB_production/2019/software/zlib/1.2.11-GCCcore-7.3.0/lib] ==> [/sw/arch/RedHatEnterpriseServer7/EB_production/2019/software/zlib/1.2.11-GCCcore-7.3.0/lib]
  collapse library dir [/sw/arch/RedHatEnterpriseServer7/EB_production/2019/software/ncurses/6.1-GCCcore-7.3.0/lib] ==> [/sw/arch/RedHatEnterpriseServer7/EB_production/2019/software/ncurses/6.1-GCCcore-7.3.0/lib]
  collapse library dir [/sw/arch/RedHatEnterpriseServer7/EB_production/2019/software/XZ/5.2.4-GCCcore-7.3.0/lib] ==> [/sw/arch/RedHatEnterpriseServer7/EB_production/2019/software/XZ/5.2.4-GCCcore-7.3.0/lib]
  collapse library dir [/sw/arch/RedHatEnterpriseServer7/EB_production/2019/software/GCCcore/7.3.0/lib64] ==> [/sw/arch/RedHatEnterpriseServer7/EB_production/2019/software/GCCcore/7.3.0/lib64]
  collapse library dir [/sw/arch/RedHatEnterpriseServer7/EB_production/2019/software/GCCcore/7.3.0/lib] ==> [/sw/arch/RedHatEnterpriseServer7/EB_production/2019/software/GCCcore/7.3.0/lib]
  collapse library dir [/sw/arch/RedHatEnterpriseServer7/EB_production/2019/software/cuDNN/7.6.5.32-CUDA-10.1.243/lib64] ==> [/sw/arch/RedHatEnterpriseServer7/EB_production/2019/software/cuDNN/7.6.5.32-CUDA-10.1.243/lib64]
  collapse library dir [/sw/arch/RedHatEnterpriseServer7/EB_production/2019/software/CUDA/10.1.243/lib64/stubs] ==> [/sw/arch/RedHatEnterpriseServer7/EB_production/2019/software/CUDA/10.1.243/lib64/stubs]
  collapse library dir [/sw/arch/RedHatEnterpriseServer7/EB_production/2019/software/CUDA/10.1.243/lib64] ==> [/sw/arch/RedHatEnterpriseServer7/EB_production/2019/software/CUDA/10.1.243/lib64]
  collapse library dir [/nfs/admin/hpc/arch/AVX/RedHatEnterpriseServer7/EB_production/2019/software/GCCcore/7.3.0/bin/../lib/gcc/x86_64-pc-linux-gnu/7.3.0/../../..] ==> [/nfs/admin/hpc/arch/AVX/RedHatEnterpriseServer7/EB_production/2019/software/GCCcore/7.3.0/lib]
  implicit libs: [gcc;gcc_s;c;gcc;gcc_s]
  implicit dirs: [/nfs/admin/hpc/arch/AVX/RedHatEnterpriseServer7/EB_production/2019/software/GCCcore/7.3.0/lib/gcc/x86_64-pc-linux-gnu/7.3.0;/nfs/admin/hpc/arch/AVX/RedHatEnterpriseServer7/EB_production/2019/software/GCCcore/7.3.0/lib/gcc;/sw/arch/RedHatEnterpriseServer7/EB_production/2019/software/GCCcore/7.3.0/lib64;/sw/arch/RedHatEnterpriseServer7/EB_production/2019/software/cuDNN/7.6.5.32-CUDA-10.1.243/lib64;/nfs/admin/hpc/arch/AVX/RedHatEnterpriseServer7/EB_production/2019/software/GCCcore/7.3.0/lib64;/lib64;/usr/lib64;/sw/arch/RedHatEnterpriseServer7/EB_production/2019/software/MPICH/3.2.1-GCC-7.3.0-2.30/lib;/sw/arch/RedHatEnterpriseServer7/EB_production/2019/software/binutils/2.30-GCCcore-7.3.0/lib;/sw/arch/RedHatEnterpriseServer7/EB_production/2019/software/cURL/7.60.0-GCCcore-7.3.0/lib;/sw/arch/RedHatEnterpriseServer7/EB_production/2019/software/bzip2/1.0.6-GCCcore-7.3.0/lib;/sw/arch/RedHatEnterpriseServer7/EB_production/2019/software/zlib/1.2.11-GCCcore-7.3.0/lib;/sw/arch/RedHatEnterpriseServer7/EB_production/2019/software/ncurses/6.1-GCCcore-7.3.0/lib;/sw/arch/RedHatEnterpriseServer7/EB_production/2019/software/XZ/5.2.4-GCCcore-7.3.0/lib;/sw/arch/RedHatEnterpriseServer7/EB_production/2019/software/GCCcore/7.3.0/lib;/sw/arch/RedHatEnterpriseServer7/EB_production/2019/software/CUDA/10.1.243/lib64/stubs;/sw/arch/RedHatEnterpriseServer7/EB_production/2019/software/CUDA/10.1.243/lib64;/nfs/admin/hpc/arch/AVX/RedHatEnterpriseServer7/EB_production/2019/software/GCCcore/7.3.0/lib]
  implicit fwks: []




Detecting C [-std=c11] compiler features compiled with the following output:
Change Dir: /home/waltera/polIter/build/CMakeFiles/CMakeTmp

Run Build Command:"/usr/bin/gmake" "cmTC_e8fa9/fast"
/usr/bin/gmake -f CMakeFiles/cmTC_e8fa9.dir/build.make CMakeFiles/cmTC_e8fa9.dir/build
gmake[1]: Entering directory `/nfs/home6/waltera/polIter/build/CMakeFiles/CMakeTmp'
Building C object CMakeFiles/cmTC_e8fa9.dir/feature_tests.c.o
/sw/arch/RedHatEnterpriseServer7/EB_production/2019/software/GCCcore/7.3.0/bin/cc   -std=c11 -o CMakeFiles/cmTC_e8fa9.dir/feature_tests.c.o   -c /home/waltera/polIter/build/CMakeFiles/feature_tests.c
Linking C executable cmTC_e8fa9
/nfs/admin/hpc/arch/AVX/RedHatEnterpriseServer7/EB_production/2019/software/CMake/3.12.1-GCCcore-7.3.0/bin/cmake -E cmake_link_script CMakeFiles/cmTC_e8fa9.dir/link.txt --verbose=1
/sw/arch/RedHatEnterpriseServer7/EB_production/2019/software/GCCcore/7.3.0/bin/cc      -rdynamic CMakeFiles/cmTC_e8fa9.dir/feature_tests.c.o  -o cmTC_e8fa9 
gmake[1]: Leaving directory `/nfs/home6/waltera/polIter/build/CMakeFiles/CMakeTmp'


    Feature record: C_FEATURE:1c_function_prototypes
    Feature record: C_FEATURE:1c_restrict
    Feature record: C_FEATURE:1c_static_assert
    Feature record: C_FEATURE:1c_variadic_macros


Detecting C [-std=c99] compiler features compiled with the following output:
Change Dir: /home/waltera/polIter/build/CMakeFiles/CMakeTmp

Run Build Command:"/usr/bin/gmake" "cmTC_25267/fast"
/usr/bin/gmake -f CMakeFiles/cmTC_25267.dir/build.make CMakeFiles/cmTC_25267.dir/build
gmake[1]: Entering directory `/nfs/home6/waltera/polIter/build/CMakeFiles/CMakeTmp'
Building C object CMakeFiles/cmTC_25267.dir/feature_tests.c.o
/sw/arch/RedHatEnterpriseServer7/EB_production/2019/software/GCCcore/7.3.0/bin/cc   -std=c99 -o CMakeFiles/cmTC_25267.dir/feature_tests.c.o   -c /home/waltera/polIter/build/CMakeFiles/feature_tests.c
Linking C executable cmTC_25267
/nfs/admin/hpc/arch/AVX/RedHatEnterpriseServer7/EB_production/2019/software/CMake/3.12.1-GCCcore-7.3.0/bin/cmake -E cmake_link_script CMakeFiles/cmTC_25267.dir/link.txt --verbose=1
/sw/arch/RedHatEnterpriseServer7/EB_production/2019/software/GCCcore/7.3.0/bin/cc      -rdynamic CMakeFiles/cmTC_25267.dir/feature_tests.c.o  -o cmTC_25267 
gmake[1]: Leaving directory `/nfs/home6/waltera/polIter/build/CMakeFiles/CMakeTmp'


    Feature record: C_FEATURE:1c_function_prototypes
    Feature record: C_FEATURE:1c_restrict
    Feature record: C_FEATURE:0c_static_assert
    Feature record: C_FEATURE:1c_variadic_macros


Detecting C [-std=c90] compiler features compiled with the following output:
Change Dir: /home/waltera/polIter/build/CMakeFiles/CMakeTmp

Run Build Command:"/usr/bin/gmake" "cmTC_078cb/fast"
/usr/bin/gmake -f CMakeFiles/cmTC_078cb.dir/build.make CMakeFiles/cmTC_078cb.dir/build
gmake[1]: Entering directory `/nfs/home6/waltera/polIter/build/CMakeFiles/CMakeTmp'
Building C object CMakeFiles/cmTC_078cb.dir/feature_tests.c.o
/sw/arch/RedHatEnterpriseServer7/EB_production/2019/software/GCCcore/7.3.0/bin/cc   -std=c90 -o CMakeFiles/cmTC_078cb.dir/feature_tests.c.o   -c /home/waltera/polIter/build/CMakeFiles/feature_tests.c
Linking C executable cmTC_078cb
/nfs/admin/hpc/arch/AVX/RedHatEnterpriseServer7/EB_production/2019/software/CMake/3.12.1-GCCcore-7.3.0/bin/cmake -E cmake_link_script CMakeFiles/cmTC_078cb.dir/link.txt --verbose=1
/sw/arch/RedHatEnterpriseServer7/EB_production/2019/software/GCCcore/7.3.0/bin/cc      -rdynamic CMakeFiles/cmTC_078cb.dir/feature_tests.c.o  -o cmTC_078cb 
gmake[1]: Leaving directory `/nfs/home6/waltera/polIter/build/CMakeFiles/CMakeTmp'


    Feature record: C_FEATURE:1c_function_prototypes
    Feature record: C_FEATURE:0c_restrict
    Feature record: C_FEATURE:0c_static_assert
    Feature record: C_FEATURE:0c_variadic_macros
Determining if the CXX compiler works passed with the following output:
Change Dir: /home/waltera/polIter/build/CMakeFiles/CMakeTmp

Run Build Command:"/usr/bin/gmake" "cmTC_5495c/fast"
/usr/bin/gmake -f CMakeFiles/cmTC_5495c.dir/build.make CMakeFiles/cmTC_5495c.dir/build
gmake[1]: Entering directory `/nfs/home6/waltera/polIter/build/CMakeFiles/CMakeTmp'
Building CXX object CMakeFiles/cmTC_5495c.dir/testCXXCompiler.cxx.o
/sw/arch/RedHatEnterpriseServer7/EB_production/2019/software/GCCcore/7.3.0/bin/c++     -o CMakeFiles/cmTC_5495c.dir/testCXXCompiler.cxx.o -c /home/waltera/polIter/build/CMakeFiles/CMakeTmp/testCXXCompiler.cxx
Linking CXX executable cmTC_5495c
/nfs/admin/hpc/arch/AVX/RedHatEnterpriseServer7/EB_production/2019/software/CMake/3.12.1-GCCcore-7.3.0/bin/cmake -E cmake_link_script CMakeFiles/cmTC_5495c.dir/link.txt --verbose=1
/sw/arch/RedHatEnterpriseServer7/EB_production/2019/software/GCCcore/7.3.0/bin/c++       -rdynamic CMakeFiles/cmTC_5495c.dir/testCXXCompiler.cxx.o  -o cmTC_5495c 
gmake[1]: Leaving directory `/nfs/home6/waltera/polIter/build/CMakeFiles/CMakeTmp'


Detecting CXX compiler ABI info compiled with the following output:
Change Dir: /home/waltera/polIter/build/CMakeFiles/CMakeTmp

Run Build Command:"/usr/bin/gmake" "cmTC_94cff/fast"
/usr/bin/gmake -f CMakeFiles/cmTC_94cff.dir/build.make CMakeFiles/cmTC_94cff.dir/build
gmake[1]: Entering directory `/nfs/home6/waltera/polIter/build/CMakeFiles/CMakeTmp'
Building CXX object CMakeFiles/cmTC_94cff.dir/CMakeCXXCompilerABI.cpp.o
/sw/arch/RedHatEnterpriseServer7/EB_production/2019/software/GCCcore/7.3.0/bin/c++     -o CMakeFiles/cmTC_94cff.dir/CMakeCXXCompilerABI.cpp.o -c /nfs/admin/hpc/arch/AVX/RedHatEnterpriseServer7/EB_production/2019/software/CMake/3.12.1-GCCcore-7.3.0/share/cmake-3.12/Modules/CMakeCXXCompilerABI.cpp
Linking CXX executable cmTC_94cff
/nfs/admin/hpc/arch/AVX/RedHatEnterpriseServer7/EB_production/2019/software/CMake/3.12.1-GCCcore-7.3.0/bin/cmake -E cmake_link_script CMakeFiles/cmTC_94cff.dir/link.txt --verbose=1
/sw/arch/RedHatEnterpriseServer7/EB_production/2019/software/GCCcore/7.3.0/bin/c++      -v -rdynamic CMakeFiles/cmTC_94cff.dir/CMakeCXXCompilerABI.cpp.o  -o cmTC_94cff 
Using built-in specs.
COLLECT_GCC=/sw/arch/RedHatEnterpriseServer7/EB_production/2019/software/GCCcore/7.3.0/bin/c++
COLLECT_LTO_WRAPPER=/nfs/admin/hpc/arch/AVX/RedHatEnterpriseServer7/EB_production/2019/software/GCCcore/7.3.0/bin/../libexec/gcc/x86_64-pc-linux-gnu/7.3.0/lto-wrapper
Target: x86_64-pc-linux-gnu
Configured with: ../configure --enable-languages=c,c++,fortran --enable-lto --enable-checking=release --disable-multilib --enable-shared=yes --enable-static=yes --enable-threads=posix --enable-plugins --enable-gold=default --enable-ld --with-plugin-ld=ld.gold --prefix=/sw/arch/RedHatEnterpriseServer7/EB_production/2019/software/GCCcore/7.3.0 --with-local-prefix=/sw/arch/RedHatEnterpriseServer7/EB_production/2019/software/GCCcore/7.3.0 --enable-bootstrap --with-isl=/scratch/nodespecific/tcn180/jenkins/regression/build/GCCcore/7.3.0/dummy-/gcc-7.3.0/stage2_stuff
Thread model: posix
gcc version 7.3.0 (GCC) 
COMPILER_PATH=/nfs/admin/hpc/arch/AVX/RedHatEnterpriseServer7/EB_production/2019/software/GCCcore/7.3.0/bin/../libexec/gcc/x86_64-pc-linux-gnu/7.3.0/:/nfs/admin/hpc/arch/AVX/RedHatEnterpriseServer7/EB_production/2019/software/GCCcore/7.3.0/bin/../libexec/gcc/
LIBRARY_PATH=/nfs/admin/hpc/arch/AVX/RedHatEnterpriseServer7/EB_production/2019/software/GCCcore/7.3.0/bin/../lib/gcc/x86_64-pc-linux-gnu/7.3.0/:/nfs/admin/hpc/arch/AVX/RedHatEnterpriseServer7/EB_production/2019/software/GCCcore/7.3.0/bin/../lib/gcc/:/sw/arch/RedHatEnterpriseServer7/EB_production/2019/software/GCCcore/7.3.0/lib64/../lib64/:/sw/arch/RedHatEnterpriseServer7/EB_production/2019/software/GCCcore/7.3.0/lib/../lib64/:/sw/arch/RedHatEnterpriseServer7/EB_production/2019/software/cuDNN/7.6.5.32-CUDA-10.1.243/lib64/../lib64/:/nfs/admin/hpc/arch/AVX/RedHatEnterpriseServer7/EB_production/2019/software/GCCcore/7.3.0/bin/../lib/gcc/x86_64-pc-linux-gnu/7.3.0/../../../../lib64/:/lib/../lib64/:/usr/lib/../lib64/:/sw/arch/RedHatEnterpriseServer7/EB_production/2019/software/MPICH/3.2.1-GCC-7.3.0-2.30/lib/:/sw/arch/RedHatEnterpriseServer7/EB_production/2019/software/binutils/2.30-GCCcore-7.3.0/lib/:/sw/arch/RedHatEnterpriseServer7/EB_production/2019/software/cURL/7.60.0-GCCcore-7.3.0/lib/:/sw/arch/RedHatEnterpriseServer7/EB_production/2019/software/bzip2/1.0.6-GCCcore-7.3.0/lib/:/sw/arch/RedHatEnterpriseServer7/EB_production/2019/software/zlib/1.2.11-GCCcore-7.3.0/lib/:/sw/arch/RedHatEnterpriseServer7/EB_production/2019/software/ncurses/6.1-GCCcore-7.3.0/lib/:/sw/arch/RedHatEnterpriseServer7/EB_production/2019/software/XZ/5.2.4-GCCcore-7.3.0/lib/:/sw/arch/RedHatEnterpriseServer7/EB_production/2019/software/GCCcore/7.3.0/lib64/:/sw/arch/RedHatEnterpriseServer7/EB_production/2019/software/GCCcore/7.3.0/lib/:/sw/arch/RedHatEnterpriseServer7/EB_production/2019/software/cuDNN/7.6.5.32-CUDA-10.1.243/lib64/:/sw/arch/RedHatEnterpriseServer7/EB_production/2019/software/CUDA/10.1.243/lib64/stubs/:/sw/arch/RedHatEnterpriseServer7/EB_production/2019/software/CUDA/10.1.243/lib64/:/nfs/admin/hpc/arch/AVX/RedHatEnterpriseServer7/EB_production/2019/software/GCCcore/7.3.0/bin/../lib/gcc/x86_64-pc-linux-gnu/7.3.0/../../../:/lib/:/usr/lib/
COLLECT_GCC_OPTIONS='-v' '-rdynamic' '-o' 'cmTC_94cff' '-shared-libgcc' '-mtune=generic' '-march=x86-64'
 /nfs/admin/hpc/arch/AVX/RedHatEnterpriseServer7/EB_production/2019/software/GCCcore/7.3.0/bin/../libexec/gcc/x86_64-pc-linux-gnu/7.3.0/collect2 -plugin /nfs/admin/hpc/arch/AVX/RedHatEnterpriseServer7/EB_production/2019/software/GCCcore/7.3.0/bin/../libexec/gcc/x86_64-pc-linux-gnu/7.3.0/liblto_plugin.so -plugin-opt=/nfs/admin/hpc/arch/AVX/RedHatEnterpriseServer7/EB_production/2019/software/GCCcore/7.3.0/bin/../libexec/gcc/x86_64-pc-linux-gnu/7.3.0/lto-wrapper -plugin-opt=-fresolution=/scratch-local/waltera/ccoJdIZ1.res -plugin-opt=-pass-through=-lgcc_s -plugin-opt=-pass-through=-lgcc -plugin-opt=-pass-through=-lc -plugin-opt=-pass-through=-lgcc_s -plugin-opt=-pass-through=-lgcc --eh-frame-hdr -m elf_x86_64 -export-dynamic -dynamic-linker /lib64/ld-linux-x86-64.so.2 -o cmTC_94cff /lib/../lib64/crt1.o /lib/../lib64/crti.o /nfs/admin/hpc/arch/AVX/RedHatEnterpriseServer7/EB_production/2019/software/GCCcore/7.3.0/bin/../lib/gcc/x86_64-pc-linux-gnu/7.3.0/crtbegin.o -L/nfs/admin/hpc/arch/AVX/RedHatEnterpriseServer7/EB_production/2019/software/GCCcore/7.3.0/bin/../lib/gcc/x86_64-pc-linux-gnu/7.3.0 -L/nfs/admin/hpc/arch/AVX/RedHatEnterpriseServer7/EB_production/2019/software/GCCcore/7.3.0/bin/../lib/gcc -L/sw/arch/RedHatEnterpriseServer7/EB_production/2019/software/GCCcore/7.3.0/lib64/../lib64 -L/sw/arch/RedHatEnterpriseServer7/EB_production/2019/software/GCCcore/7.3.0/lib/../lib64 -L/sw/arch/RedHatEnterpriseServer7/EB_production/2019/software/cuDNN/7.6.5.32-CUDA-10.1.243/lib64/../lib64 -L/nfs/admin/hpc/arch/AVX/RedHatEnterpriseServer7/EB_production/2019/software/GCCcore/7.3.0/bin/../lib/gcc/x86_64-pc-linux-gnu/7.3.0/../../../../lib64 -L/lib/../lib64 -L/usr/lib/../lib64 -L/sw/arch/RedHatEnterpriseServer7/EB_production/2019/software/MPICH/3.2.1-GCC-7.3.0-2.30/lib -L/sw/arch/RedHatEnterpriseServer7/EB_production/2019/software/binutils/2.30-GCCcore-7.3.0/lib -L/sw/arch/RedHatEnterpriseServer7/EB_production/2019/software/cURL/7.60.0-GCCcore-7.3.0/lib -L/sw/arch/RedHatEnterpriseServer7/EB_production/2019/software/bzip2/1.0.6-GCCcore-7.3.0/lib -L/sw/arch/RedHatEnterpriseServer7/EB_production/2019/software/zlib/1.2.11-GCCcore-7.3.0/lib -L/sw/arch/RedHatEnterpriseServer7/EB_production/2019/software/ncurses/6.1-GCCcore-7.3.0/lib -L/sw/arch/RedHatEnterpriseServer7/EB_production/2019/software/XZ/5.2.4-GCCcore-7.3.0/lib -L/sw/arch/RedHatEnterpriseServer7/EB_production/2019/software/GCCcore/7.3.0/lib64 -L/sw/arch/RedHatEnterpriseServer7/EB_production/2019/software/GCCcore/7.3.0/lib -L/sw/arch/RedHatEnterpriseServer7/EB_production/2019/software/cuDNN/7.6.5.32-CUDA-10.1.243/lib64 -L/sw/arch/RedHatEnterpriseServer7/EB_production/2019/software/CUDA/10.1.243/lib64/stubs -L/sw/arch/RedHatEnterpriseServer7/EB_production/2019/software/CUDA/10.1.243/lib64 -L/nfs/admin/hpc/arch/AVX/RedHatEnterpriseServer7/EB_production/2019/software/GCCcore/7.3.0/bin/../lib/gcc/x86_64-pc-linux-gnu/7.3.0/../../.. CMakeFiles/cmTC_94cff.dir/CMakeCXXCompilerABI.cpp.o -lstdc++ -lm -lgcc_s -lgcc -lc -lgcc_s -lgcc /nfs/admin/hpc/arch/AVX/RedHatEnterpriseServer7/EB_production/2019/software/GCCcore/7.3.0/bin/../lib/gcc/x86_64-pc-linux-gnu/7.3.0/crtend.o /lib/../lib64/crtn.o
COLLECT_GCC_OPTIONS='-v' '-rdynamic' '-o' 'cmTC_94cff' '-shared-libgcc' '-mtune=generic' '-march=x86-64'
gmake[1]: Leaving directory `/nfs/home6/waltera/polIter/build/CMakeFiles/CMakeTmp'


Parsed CXX implicit link information from above output:
  link line regex: [^( *|.*[/\])(ld|CMAKE_LINK_STARTFILE-NOTFOUND|([^/\]+-)?ld|collect2)[^/\]*( |$)]
  ignore line: [Change Dir: /home/waltera/polIter/build/CMakeFiles/CMakeTmp]
  ignore line: []
  ignore line: [Run Build Command:"/usr/bin/gmake" "cmTC_94cff/fast"]
  ignore line: [/usr/bin/gmake -f CMakeFiles/cmTC_94cff.dir/build.make CMakeFiles/cmTC_94cff.dir/build]
  ignore line: [gmake[1]: Entering directory `/nfs/home6/waltera/polIter/build/CMakeFiles/CMakeTmp']
  ignore line: [Building CXX object CMakeFiles/cmTC_94cff.dir/CMakeCXXCompilerABI.cpp.o]
  ignore line: [/sw/arch/RedHatEnterpriseServer7/EB_production/2019/software/GCCcore/7.3.0/bin/c++     -o CMakeFiles/cmTC_94cff.dir/CMakeCXXCompilerABI.cpp.o -c /nfs/admin/hpc/arch/AVX/RedHatEnterpriseServer7/EB_production/2019/software/CMake/3.12.1-GCCcore-7.3.0/share/cmake-3.12/Modules/CMakeCXXCompilerABI.cpp]
  ignore line: [Linking CXX executable cmTC_94cff]
  ignore line: [/nfs/admin/hpc/arch/AVX/RedHatEnterpriseServer7/EB_production/2019/software/CMake/3.12.1-GCCcore-7.3.0/bin/cmake -E cmake_link_script CMakeFiles/cmTC_94cff.dir/link.txt --verbose=1]
  ignore line: [/sw/arch/RedHatEnterpriseServer7/EB_production/2019/software/GCCcore/7.3.0/bin/c++      -v -rdynamic CMakeFiles/cmTC_94cff.dir/CMakeCXXCompilerABI.cpp.o  -o cmTC_94cff ]
  ignore line: [Using built-in specs.]
  ignore line: [COLLECT_GCC=/sw/arch/RedHatEnterpriseServer7/EB_production/2019/software/GCCcore/7.3.0/bin/c++]
  ignore line: [COLLECT_LTO_WRAPPER=/nfs/admin/hpc/arch/AVX/RedHatEnterpriseServer7/EB_production/2019/software/GCCcore/7.3.0/bin/../libexec/gcc/x86_64-pc-linux-gnu/7.3.0/lto-wrapper]
  ignore line: [Target: x86_64-pc-linux-gnu]
  ignore line: [Configured with: ../configure --enable-languages=c,c++,fortran --enable-lto --enable-checking=release --disable-multilib --enable-shared=yes --enable-static=yes --enable-threads=posix --enable-plugins --enable-gold=default --enable-ld --with-plugin-ld=ld.gold --prefix=/sw/arch/RedHatEnterpriseServer7/EB_production/2019/software/GCCcore/7.3.0 --with-local-prefix=/sw/arch/RedHatEnterpriseServer7/EB_production/2019/software/GCCcore/7.3.0 --enable-bootstrap --with-isl=/scratch/nodespecific/tcn180/jenkins/regression/build/GCCcore/7.3.0/dummy-/gcc-7.3.0/stage2_stuff]
  ignore line: [Thread model: posix]
  ignore line: [gcc version 7.3.0 (GCC) ]
  ignore line: [COMPILER_PATH=/nfs/admin/hpc/arch/AVX/RedHatEnterpriseServer7/EB_production/2019/software/GCCcore/7.3.0/bin/../libexec/gcc/x86_64-pc-linux-gnu/7.3.0/:/nfs/admin/hpc/arch/AVX/RedHatEnterpriseServer7/EB_production/2019/software/GCCcore/7.3.0/bin/../libexec/gcc/]
  ignore line: [LIBRARY_PATH=/nfs/admin/hpc/arch/AVX/RedHatEnterpriseServer7/EB_production/2019/software/GCCcore/7.3.0/bin/../lib/gcc/x86_64-pc-linux-gnu/7.3.0/:/nfs/admin/hpc/arch/AVX/RedHatEnterpriseServer7/EB_production/2019/software/GCCcore/7.3.0/bin/../lib/gcc/:/sw/arch/RedHatEnterpriseServer7/EB_production/2019/software/GCCcore/7.3.0/lib64/../lib64/:/sw/arch/RedHatEnterpriseServer7/EB_production/2019/software/GCCcore/7.3.0/lib/../lib64/:/sw/arch/RedHatEnterpriseServer7/EB_production/2019/software/cuDNN/7.6.5.32-CUDA-10.1.243/lib64/../lib64/:/nfs/admin/hpc/arch/AVX/RedHatEnterpriseServer7/EB_production/2019/software/GCCcore/7.3.0/bin/../lib/gcc/x86_64-pc-linux-gnu/7.3.0/../../../../lib64/:/lib/../lib64/:/usr/lib/../lib64/:/sw/arch/RedHatEnterpriseServer7/EB_production/2019/software/MPICH/3.2.1-GCC-7.3.0-2.30/lib/:/sw/arch/RedHatEnterpriseServer7/EB_production/2019/software/binutils/2.30-GCCcore-7.3.0/lib/:/sw/arch/RedHatEnterpriseServer7/EB_production/2019/software/cURL/7.60.0-GCCcore-7.3.0/lib/:/sw/arch/RedHatEnterpriseServer7/EB_production/2019/software/bzip2/1.0.6-GCCcore-7.3.0/lib/:/sw/arch/RedHatEnterpriseServer7/EB_production/2019/software/zlib/1.2.11-GCCcore-7.3.0/lib/:/sw/arch/RedHatEnterpriseServer7/EB_production/2019/software/ncurses/6.1-GCCcore-7.3.0/lib/:/sw/arch/RedHatEnterpriseServer7/EB_production/2019/software/XZ/5.2.4-GCCcore-7.3.0/lib/:/sw/arch/RedHatEnterpriseServer7/EB_production/2019/software/GCCcore/7.3.0/lib64/:/sw/arch/RedHatEnterpriseServer7/EB_production/2019/software/GCCcore/7.3.0/lib/:/sw/arch/RedHatEnterpriseServer7/EB_production/2019/software/cuDNN/7.6.5.32-CUDA-10.1.243/lib64/:/sw/arch/RedHatEnterpriseServer7/EB_production/2019/software/CUDA/10.1.243/lib64/stubs/:/sw/arch/RedHatEnterpriseServer7/EB_production/2019/software/CUDA/10.1.243/lib64/:/nfs/admin/hpc/arch/AVX/RedHatEnterpriseServer7/EB_production/2019/software/GCCcore/7.3.0/bin/../lib/gcc/x86_64-pc-linux-gnu/7.3.0/../../../:/lib/:/usr/lib/]
  ignore line: [COLLECT_GCC_OPTIONS='-v' '-rdynamic' '-o' 'cmTC_94cff' '-shared-libgcc' '-mtune=generic' '-march=x86-64']
  link line: [ /nfs/admin/hpc/arch/AVX/RedHatEnterpriseServer7/EB_production/2019/software/GCCcore/7.3.0/bin/../libexec/gcc/x86_64-pc-linux-gnu/7.3.0/collect2 -plugin /nfs/admin/hpc/arch/AVX/RedHatEnterpriseServer7/EB_production/2019/software/GCCcore/7.3.0/bin/../libexec/gcc/x86_64-pc-linux-gnu/7.3.0/liblto_plugin.so -plugin-opt=/nfs/admin/hpc/arch/AVX/RedHatEnterpriseServer7/EB_production/2019/software/GCCcore/7.3.0/bin/../libexec/gcc/x86_64-pc-linux-gnu/7.3.0/lto-wrapper -plugin-opt=-fresolution=/scratch-local/waltera/ccoJdIZ1.res -plugin-opt=-pass-through=-lgcc_s -plugin-opt=-pass-through=-lgcc -plugin-opt=-pass-through=-lc -plugin-opt=-pass-through=-lgcc_s -plugin-opt=-pass-through=-lgcc --eh-frame-hdr -m elf_x86_64 -export-dynamic -dynamic-linker /lib64/ld-linux-x86-64.so.2 -o cmTC_94cff /lib/../lib64/crt1.o /lib/../lib64/crti.o /nfs/admin/hpc/arch/AVX/RedHatEnterpriseServer7/EB_production/2019/software/GCCcore/7.3.0/bin/../lib/gcc/x86_64-pc-linux-gnu/7.3.0/crtbegin.o -L/nfs/admin/hpc/arch/AVX/RedHatEnterpriseServer7/EB_production/2019/software/GCCcore/7.3.0/bin/../lib/gcc/x86_64-pc-linux-gnu/7.3.0 -L/nfs/admin/hpc/arch/AVX/RedHatEnterpriseServer7/EB_production/2019/software/GCCcore/7.3.0/bin/../lib/gcc -L/sw/arch/RedHatEnterpriseServer7/EB_production/2019/software/GCCcore/7.3.0/lib64/../lib64 -L/sw/arch/RedHatEnterpriseServer7/EB_production/2019/software/GCCcore/7.3.0/lib/../lib64 -L/sw/arch/RedHatEnterpriseServer7/EB_production/2019/software/cuDNN/7.6.5.32-CUDA-10.1.243/lib64/../lib64 -L/nfs/admin/hpc/arch/AVX/RedHatEnterpriseServer7/EB_production/2019/software/GCCcore/7.3.0/bin/../lib/gcc/x86_64-pc-linux-gnu/7.3.0/../../../../lib64 -L/lib/../lib64 -L/usr/lib/../lib64 -L/sw/arch/RedHatEnterpriseServer7/EB_production/2019/software/MPICH/3.2.1-GCC-7.3.0-2.30/lib -L/sw/arch/RedHatEnterpriseServer7/EB_production/2019/software/binutils/2.30-GCCcore-7.3.0/lib -L/sw/arch/RedHatEnterpriseServer7/EB_production/2019/software/cURL/7.60.0-GCCcore-7.3.0/lib -L/sw/arch/RedHatEnterpriseServer7/EB_production/2019/software/bzip2/1.0.6-GCCcore-7.3.0/lib -L/sw/arch/RedHatEnterpriseServer7/EB_production/2019/software/zlib/1.2.11-GCCcore-7.3.0/lib -L/sw/arch/RedHatEnterpriseServer7/EB_production/2019/software/ncurses/6.1-GCCcore-7.3.0/lib -L/sw/arch/RedHatEnterpriseServer7/EB_production/2019/software/XZ/5.2.4-GCCcore-7.3.0/lib -L/sw/arch/RedHatEnterpriseServer7/EB_production/2019/software/GCCcore/7.3.0/lib64 -L/sw/arch/RedHatEnterpriseServer7/EB_production/2019/software/GCCcore/7.3.0/lib -L/sw/arch/RedHatEnterpriseServer7/EB_production/2019/software/cuDNN/7.6.5.32-CUDA-10.1.243/lib64 -L/sw/arch/RedHatEnterpriseServer7/EB_production/2019/software/CUDA/10.1.243/lib64/stubs -L/sw/arch/RedHatEnterpriseServer7/EB_production/2019/software/CUDA/10.1.243/lib64 -L/nfs/admin/hpc/arch/AVX/RedHatEnterpriseServer7/EB_production/2019/software/GCCcore/7.3.0/bin/../lib/gcc/x86_64-pc-linux-gnu/7.3.0/../../.. CMakeFiles/cmTC_94cff.dir/CMakeCXXCompilerABI.cpp.o -lstdc++ -lm -lgcc_s -lgcc -lc -lgcc_s -lgcc /nfs/admin/hpc/arch/AVX/RedHatEnterpriseServer7/EB_production/2019/software/GCCcore/7.3.0/bin/../lib/gcc/x86_64-pc-linux-gnu/7.3.0/crtend.o /lib/../lib64/crtn.o]
    arg [/nfs/admin/hpc/arch/AVX/RedHatEnterpriseServer7/EB_production/2019/software/GCCcore/7.3.0/bin/../libexec/gcc/x86_64-pc-linux-gnu/7.3.0/collect2] ==> ignore
    arg [-plugin] ==> ignore
    arg [/nfs/admin/hpc/arch/AVX/RedHatEnterpriseServer7/EB_production/2019/software/GCCcore/7.3.0/bin/../libexec/gcc/x86_64-pc-linux-gnu/7.3.0/liblto_plugin.so] ==> ignore
    arg [-plugin-opt=/nfs/admin/hpc/arch/AVX/RedHatEnterpriseServer7/EB_production/2019/software/GCCcore/7.3.0/bin/../libexec/gcc/x86_64-pc-linux-gnu/7.3.0/lto-wrapper] ==> ignore
    arg [-plugin-opt=-fresolution=/scratch-local/waltera/ccoJdIZ1.res] ==> ignore
    arg [-plugin-opt=-pass-through=-lgcc_s] ==> ignore
    arg [-plugin-opt=-pass-through=-lgcc] ==> ignore
    arg [-plugin-opt=-pass-through=-lc] ==> ignore
    arg [-plugin-opt=-pass-through=-lgcc_s] ==> ignore
    arg [-plugin-opt=-pass-through=-lgcc] ==> ignore
    arg [--eh-frame-hdr] ==> ignore
    arg [-m] ==> ignore
    arg [elf_x86_64] ==> ignore
    arg [-export-dynamic] ==> ignore
    arg [-dynamic-linker] ==> ignore
    arg [/lib64/ld-linux-x86-64.so.2] ==> ignore
    arg [-o] ==> ignore
    arg [cmTC_94cff] ==> ignore
    arg [/lib/../lib64/crt1.o] ==> ignore
    arg [/lib/../lib64/crti.o] ==> ignore
    arg [/nfs/admin/hpc/arch/AVX/RedHatEnterpriseServer7/EB_production/2019/software/GCCcore/7.3.0/bin/../lib/gcc/x86_64-pc-linux-gnu/7.3.0/crtbegin.o] ==> ignore
    arg [-L/nfs/admin/hpc/arch/AVX/RedHatEnterpriseServer7/EB_production/2019/software/GCCcore/7.3.0/bin/../lib/gcc/x86_64-pc-linux-gnu/7.3.0] ==> dir [/nfs/admin/hpc/arch/AVX/RedHatEnterpriseServer7/EB_production/2019/software/GCCcore/7.3.0/bin/../lib/gcc/x86_64-pc-linux-gnu/7.3.0]
    arg [-L/nfs/admin/hpc/arch/AVX/RedHatEnterpriseServer7/EB_production/2019/software/GCCcore/7.3.0/bin/../lib/gcc] ==> dir [/nfs/admin/hpc/arch/AVX/RedHatEnterpriseServer7/EB_production/2019/software/GCCcore/7.3.0/bin/../lib/gcc]
    arg [-L/sw/arch/RedHatEnterpriseServer7/EB_production/2019/software/GCCcore/7.3.0/lib64/../lib64] ==> dir [/sw/arch/RedHatEnterpriseServer7/EB_production/2019/software/GCCcore/7.3.0/lib64/../lib64]
    arg [-L/sw/arch/RedHatEnterpriseServer7/EB_production/2019/software/GCCcore/7.3.0/lib/../lib64] ==> dir [/sw/arch/RedHatEnterpriseServer7/EB_production/2019/software/GCCcore/7.3.0/lib/../lib64]
    arg [-L/sw/arch/RedHatEnterpriseServer7/EB_production/2019/software/cuDNN/7.6.5.32-CUDA-10.1.243/lib64/../lib64] ==> dir [/sw/arch/RedHatEnterpriseServer7/EB_production/2019/software/cuDNN/7.6.5.32-CUDA-10.1.243/lib64/../lib64]
    arg [-L/nfs/admin/hpc/arch/AVX/RedHatEnterpriseServer7/EB_production/2019/software/GCCcore/7.3.0/bin/../lib/gcc/x86_64-pc-linux-gnu/7.3.0/../../../../lib64] ==> dir [/nfs/admin/hpc/arch/AVX/RedHatEnterpriseServer7/EB_production/2019/software/GCCcore/7.3.0/bin/../lib/gcc/x86_64-pc-linux-gnu/7.3.0/../../../../lib64]
    arg [-L/lib/../lib64] ==> dir [/lib/../lib64]
    arg [-L/usr/lib/../lib64] ==> dir [/usr/lib/../lib64]
    arg [-L/sw/arch/RedHatEnterpriseServer7/EB_production/2019/software/MPICH/3.2.1-GCC-7.3.0-2.30/lib] ==> dir [/sw/arch/RedHatEnterpriseServer7/EB_production/2019/software/MPICH/3.2.1-GCC-7.3.0-2.30/lib]
    arg [-L/sw/arch/RedHatEnterpriseServer7/EB_production/2019/software/binutils/2.30-GCCcore-7.3.0/lib] ==> dir [/sw/arch/RedHatEnterpriseServer7/EB_production/2019/software/binutils/2.30-GCCcore-7.3.0/lib]
    arg [-L/sw/arch/RedHatEnterpriseServer7/EB_production/2019/software/cURL/7.60.0-GCCcore-7.3.0/lib] ==> dir [/sw/arch/RedHatEnterpriseServer7/EB_production/2019/software/cURL/7.60.0-GCCcore-7.3.0/lib]
    arg [-L/sw/arch/RedHatEnterpriseServer7/EB_production/2019/software/bzip2/1.0.6-GCCcore-7.3.0/lib] ==> dir [/sw/arch/RedHatEnterpriseServer7/EB_production/2019/software/bzip2/1.0.6-GCCcore-7.3.0/lib]
    arg [-L/sw/arch/RedHatEnterpriseServer7/EB_production/2019/software/zlib/1.2.11-GCCcore-7.3.0/lib] ==> dir [/sw/arch/RedHatEnterpriseServer7/EB_production/2019/software/zlib/1.2.11-GCCcore-7.3.0/lib]
    arg [-L/sw/arch/RedHatEnterpriseServer7/EB_production/2019/software/ncurses/6.1-GCCcore-7.3.0/lib] ==> dir [/sw/arch/RedHatEnterpriseServer7/EB_production/2019/software/ncurses/6.1-GCCcore-7.3.0/lib]
    arg [-L/sw/arch/RedHatEnterpriseServer7/EB_production/2019/software/XZ/5.2.4-GCCcore-7.3.0/lib] ==> dir [/sw/arch/RedHatEnterpriseServer7/EB_production/2019/software/XZ/5.2.4-GCCcore-7.3.0/lib]
    arg [-L/sw/arch/RedHatEnterpriseServer7/EB_production/2019/software/GCCcore/7.3.0/lib64] ==> dir [/sw/arch/RedHatEnterpriseServer7/EB_production/2019/software/GCCcore/7.3.0/lib64]
    arg [-L/sw/arch/RedHatEnterpriseServer7/EB_production/2019/software/GCCcore/7.3.0/lib] ==> dir [/sw/arch/RedHatEnterpriseServer7/EB_production/2019/software/GCCcore/7.3.0/lib]
    arg [-L/sw/arch/RedHatEnterpriseServer7/EB_production/2019/software/cuDNN/7.6.5.32-CUDA-10.1.243/lib64] ==> dir [/sw/arch/RedHatEnterpriseServer7/EB_production/2019/software/cuDNN/7.6.5.32-CUDA-10.1.243/lib64]
    arg [-L/sw/arch/RedHatEnterpriseServer7/EB_production/2019/software/CUDA/10.1.243/lib64/stubs] ==> dir [/sw/arch/RedHatEnterpriseServer7/EB_production/2019/software/CUDA/10.1.243/lib64/stubs]
    arg [-L/sw/arch/RedHatEnterpriseServer7/EB_production/2019/software/CUDA/10.1.243/lib64] ==> dir [/sw/arch/RedHatEnterpriseServer7/EB_production/2019/software/CUDA/10.1.243/lib64]
    arg [-L/nfs/admin/hpc/arch/AVX/RedHatEnterpriseServer7/EB_production/2019/software/GCCcore/7.3.0/bin/../lib/gcc/x86_64-pc-linux-gnu/7.3.0/../../..] ==> dir [/nfs/admin/hpc/arch/AVX/RedHatEnterpriseServer7/EB_production/2019/software/GCCcore/7.3.0/bin/../lib/gcc/x86_64-pc-linux-gnu/7.3.0/../../..]
    arg [CMakeFiles/cmTC_94cff.dir/CMakeCXXCompilerABI.cpp.o] ==> ignore
    arg [-lstdc++] ==> lib [stdc++]
    arg [-lm] ==> lib [m]
    arg [-lgcc_s] ==> lib [gcc_s]
    arg [-lgcc] ==> lib [gcc]
    arg [-lc] ==> lib [c]
    arg [-lgcc_s] ==> lib [gcc_s]
    arg [-lgcc] ==> lib [gcc]
    arg [/nfs/admin/hpc/arch/AVX/RedHatEnterpriseServer7/EB_production/2019/software/GCCcore/7.3.0/bin/../lib/gcc/x86_64-pc-linux-gnu/7.3.0/crtend.o] ==> ignore
    arg [/lib/../lib64/crtn.o] ==> ignore
  collapse library dir [/nfs/admin/hpc/arch/AVX/RedHatEnterpriseServer7/EB_production/2019/software/GCCcore/7.3.0/bin/../lib/gcc/x86_64-pc-linux-gnu/7.3.0] ==> [/nfs/admin/hpc/arch/AVX/RedHatEnterpriseServer7/EB_production/2019/software/GCCcore/7.3.0/lib/gcc/x86_64-pc-linux-gnu/7.3.0]
  collapse library dir [/nfs/admin/hpc/arch/AVX/RedHatEnterpriseServer7/EB_production/2019/software/GCCcore/7.3.0/bin/../lib/gcc] ==> [/nfs/admin/hpc/arch/AVX/RedHatEnterpriseServer7/EB_production/2019/software/GCCcore/7.3.0/lib/gcc]
  collapse library dir [/sw/arch/RedHatEnterpriseServer7/EB_production/2019/software/GCCcore/7.3.0/lib64/../lib64] ==> [/sw/arch/RedHatEnterpriseServer7/EB_production/2019/software/GCCcore/7.3.0/lib64]
  collapse library dir [/sw/arch/RedHatEnterpriseServer7/EB_production/2019/software/GCCcore/7.3.0/lib/../lib64] ==> [/sw/arch/RedHatEnterpriseServer7/EB_production/2019/software/GCCcore/7.3.0/lib64]
  collapse library dir [/sw/arch/RedHatEnterpriseServer7/EB_production/2019/software/cuDNN/7.6.5.32-CUDA-10.1.243/lib64/../lib64] ==> [/sw/arch/RedHatEnterpriseServer7/EB_production/2019/software/cuDNN/7.6.5.32-CUDA-10.1.243/lib64]
  collapse library dir [/nfs/admin/hpc/arch/AVX/RedHatEnterpriseServer7/EB_production/2019/software/GCCcore/7.3.0/bin/../lib/gcc/x86_64-pc-linux-gnu/7.3.0/../../../../lib64] ==> [/nfs/admin/hpc/arch/AVX/RedHatEnterpriseServer7/EB_production/2019/software/GCCcore/7.3.0/lib64]
  collapse library dir [/lib/../lib64] ==> [/lib64]
  collapse library dir [/usr/lib/../lib64] ==> [/usr/lib64]
  collapse library dir [/sw/arch/RedHatEnterpriseServer7/EB_production/2019/software/MPICH/3.2.1-GCC-7.3.0-2.30/lib] ==> [/sw/arch/RedHatEnterpriseServer7/EB_production/2019/software/MPICH/3.2.1-GCC-7.3.0-2.30/lib]
  collapse library dir [/sw/arch/RedHatEnterpriseServer7/EB_production/2019/software/binutils/2.30-GCCcore-7.3.0/lib] ==> [/sw/arch/RedHatEnterpriseServer7/EB_production/2019/software/binutils/2.30-GCCcore-7.3.0/lib]
  collapse library dir [/sw/arch/RedHatEnterpriseServer7/EB_production/2019/software/cURL/7.60.0-GCCcore-7.3.0/lib] ==> [/sw/arch/RedHatEnterpriseServer7/EB_production/2019/software/cURL/7.60.0-GCCcore-7.3.0/lib]
  collapse library dir [/sw/arch/RedHatEnterpriseServer7/EB_production/2019/software/bzip2/1.0.6-GCCcore-7.3.0/lib] ==> [/sw/arch/RedHatEnterpriseServer7/EB_production/2019/software/bzip2/1.0.6-GCCcore-7.3.0/lib]
  collapse library dir [/sw/arch/RedHatEnterpriseServer7/EB_production/2019/software/zlib/1.2.11-GCCcore-7.3.0/lib] ==> [/sw/arch/RedHatEnterpriseServer7/EB_production/2019/software/zlib/1.2.11-GCCcore-7.3.0/lib]
  collapse library dir [/sw/arch/RedHatEnterpriseServer7/EB_production/2019/software/ncurses/6.1-GCCcore-7.3.0/lib] ==> [/sw/arch/RedHatEnterpriseServer7/EB_production/2019/software/ncurses/6.1-GCCcore-7.3.0/lib]
  collapse library dir [/sw/arch/RedHatEnterpriseServer7/EB_production/2019/software/XZ/5.2.4-GCCcore-7.3.0/lib] ==> [/sw/arch/RedHatEnterpriseServer7/EB_production/2019/software/XZ/5.2.4-GCCcore-7.3.0/lib]
  collapse library dir [/sw/arch/RedHatEnterpriseServer7/EB_production/2019/software/GCCcore/7.3.0/lib64] ==> [/sw/arch/RedHatEnterpriseServer7/EB_production/2019/software/GCCcore/7.3.0/lib64]
  collapse library dir [/sw/arch/RedHatEnterpriseServer7/EB_production/2019/software/GCCcore/7.3.0/lib] ==> [/sw/arch/RedHatEnterpriseServer7/EB_production/2019/software/GCCcore/7.3.0/lib]
  collapse library dir [/sw/arch/RedHatEnterpriseServer7/EB_production/2019/software/cuDNN/7.6.5.32-CUDA-10.1.243/lib64] ==> [/sw/arch/RedHatEnterpriseServer7/EB_production/2019/software/cuDNN/7.6.5.32-CUDA-10.1.243/lib64]
  collapse library dir [/sw/arch/RedHatEnterpriseServer7/EB_production/2019/software/CUDA/10.1.243/lib64/stubs] ==> [/sw/arch/RedHatEnterpriseServer7/EB_production/2019/software/CUDA/10.1.243/lib64/stubs]
  collapse library dir [/sw/arch/RedHatEnterpriseServer7/EB_production/2019/software/CUDA/10.1.243/lib64] ==> [/sw/arch/RedHatEnterpriseServer7/EB_production/2019/software/CUDA/10.1.243/lib64]
  collapse library dir [/nfs/admin/hpc/arch/AVX/RedHatEnterpriseServer7/EB_production/2019/software/GCCcore/7.3.0/bin/../lib/gcc/x86_64-pc-linux-gnu/7.3.0/../../..] ==> [/nfs/admin/hpc/arch/AVX/RedHatEnterpriseServer7/EB_production/2019/software/GCCcore/7.3.0/lib]
  implicit libs: [stdc++;m;gcc_s;gcc;c;gcc_s;gcc]
  implicit dirs: [/nfs/admin/hpc/arch/AVX/RedHatEnterpriseServer7/EB_production/2019/software/GCCcore/7.3.0/lib/gcc/x86_64-pc-linux-gnu/7.3.0;/nfs/admin/hpc/arch/AVX/RedHatEnterpriseServer7/EB_production/2019/software/GCCcore/7.3.0/lib/gcc;/sw/arch/RedHatEnterpriseServer7/EB_production/2019/software/GCCcore/7.3.0/lib64;/sw/arch/RedHatEnterpriseServer7/EB_production/2019/software/cuDNN/7.6.5.32-CUDA-10.1.243/lib64;/nfs/admin/hpc/arch/AVX/RedHatEnterpriseServer7/EB_production/2019/software/GCCcore/7.3.0/lib64;/lib64;/usr/lib64;/sw/arch/RedHatEnterpriseServer7/EB_production/2019/software/MPICH/3.2.1-GCC-7.3.0-2.30/lib;/sw/arch/RedHatEnterpriseServer7/EB_production/2019/software/binutils/2.30-GCCcore-7.3.0/lib;/sw/arch/RedHatEnterpriseServer7/EB_production/2019/software/cURL/7.60.0-GCCcore-7.3.0/lib;/sw/arch/RedHatEnterpriseServer7/EB_production/2019/software/bzip2/1.0.6-GCCcore-7.3.0/lib;/sw/arch/RedHatEnterpriseServer7/EB_production/2019/software/zlib/1.2.11-GCCcore-7.3.0/lib;/sw/arch/RedHatEnterpriseServer7/EB_production/2019/software/ncurses/6.1-GCCcore-7.3.0/lib;/sw/arch/RedHatEnterpriseServer7/EB_production/2019/software/XZ/5.2.4-GCCcore-7.3.0/lib;/sw/arch/RedHatEnterpriseServer7/EB_production/2019/software/GCCcore/7.3.0/lib;/sw/arch/RedHatEnterpriseServer7/EB_production/2019/software/CUDA/10.1.243/lib64/stubs;/sw/arch/RedHatEnterpriseServer7/EB_production/2019/software/CUDA/10.1.243/lib64;/nfs/admin/hpc/arch/AVX/RedHatEnterpriseServer7/EB_production/2019/software/GCCcore/7.3.0/lib]
  implicit fwks: []




Detecting CXX [-std=c++1z] compiler features compiled with the following output:
Change Dir: /home/waltera/polIter/build/CMakeFiles/CMakeTmp

Run Build Command:"/usr/bin/gmake" "cmTC_3dcbc/fast"
/usr/bin/gmake -f CMakeFiles/cmTC_3dcbc.dir/build.make CMakeFiles/cmTC_3dcbc.dir/build
gmake[1]: Entering directory `/nfs/home6/waltera/polIter/build/CMakeFiles/CMakeTmp'
Building CXX object CMakeFiles/cmTC_3dcbc.dir/feature_tests.cxx.o
/sw/arch/RedHatEnterpriseServer7/EB_production/2019/software/GCCcore/7.3.0/bin/c++    -std=c++1z -o CMakeFiles/cmTC_3dcbc.dir/feature_tests.cxx.o -c /home/waltera/polIter/build/CMakeFiles/feature_tests.cxx
Linking CXX executable cmTC_3dcbc
/nfs/admin/hpc/arch/AVX/RedHatEnterpriseServer7/EB_production/2019/software/CMake/3.12.1-GCCcore-7.3.0/bin/cmake -E cmake_link_script CMakeFiles/cmTC_3dcbc.dir/link.txt --verbose=1
/sw/arch/RedHatEnterpriseServer7/EB_production/2019/software/GCCcore/7.3.0/bin/c++       -rdynamic CMakeFiles/cmTC_3dcbc.dir/feature_tests.cxx.o  -o cmTC_3dcbc 
gmake[1]: Leaving directory `/nfs/home6/waltera/polIter/build/CMakeFiles/CMakeTmp'


    Feature record: CXX_FEATURE:1cxx_aggregate_default_initializers
    Feature record: CXX_FEATURE:1cxx_alias_templates
    Feature record: CXX_FEATURE:1cxx_alignas
    Feature record: CXX_FEATURE:1cxx_alignof
    Feature record: CXX_FEATURE:1cxx_attributes
    Feature record: CXX_FEATURE:1cxx_attribute_deprecated
    Feature record: CXX_FEATURE:1cxx_auto_type
    Feature record: CXX_FEATURE:1cxx_binary_literals
    Feature record: CXX_FEATURE:1cxx_constexpr
    Feature record: CXX_FEATURE:1cxx_contextual_conversions
    Feature record: CXX_FEATURE:1cxx_decltype
    Feature record: CXX_FEATURE:1cxx_decltype_auto
    Feature record: CXX_FEATURE:1cxx_decltype_incomplete_return_types
    Feature record: CXX_FEATURE:1cxx_default_function_template_args
    Feature record: CXX_FEATURE:1cxx_defaulted_functions
    Feature record: CXX_FEATURE:1cxx_defaulted_move_initializers
    Feature record: CXX_FEATURE:1cxx_delegating_constructors
    Feature record: CXX_FEATURE:1cxx_deleted_functions
    Feature record: CXX_FEATURE:1cxx_digit_separators
    Feature record: CXX_FEATURE:1cxx_enum_forward_declarations
    Feature record: CXX_FEATURE:1cxx_explicit_conversions
    Feature record: CXX_FEATURE:1cxx_extended_friend_declarations
    Feature record: CXX_FEATURE:1cxx_extern_templates
    Feature record: CXX_FEATURE:1cxx_final
    Feature record: CXX_FEATURE:1cxx_func_identifier
    Feature record: CXX_FEATURE:1cxx_generalized_initializers
    Feature record: CXX_FEATURE:1cxx_generic_lambdas
    Feature record: CXX_FEATURE:1cxx_inheriting_constructors
    Feature record: CXX_FEATURE:1cxx_inline_namespaces
    Feature record: CXX_FEATURE:1cxx_lambdas
    Feature record: CXX_FEATURE:1cxx_lambda_init_captures
    Feature record: CXX_FEATURE:1cxx_local_type_template_args
    Feature record: CXX_FEATURE:1cxx_long_long_type
    Feature record: CXX_FEATURE:1cxx_noexcept
    Feature record: CXX_FEATURE:1cxx_nonstatic_member_init
    Feature record: CXX_FEATURE:1cxx_nullptr
    Feature record: CXX_FEATURE:1cxx_override
    Feature record: CXX_FEATURE:1cxx_range_for
    Feature record: CXX_FEATURE:1cxx_raw_string_literals
    Feature record: CXX_FEATURE:1cxx_reference_qualified_functions
    Feature record: CXX_FEATURE:1cxx_relaxed_constexpr
    Feature record: CXX_FEATURE:1cxx_return_type_deduction
    Feature record: CXX_FEATURE:1cxx_right_angle_brackets
    Feature record: CXX_FEATURE:1cxx_rvalue_references
    Feature record: CXX_FEATURE:1cxx_sizeof_member
    Feature record: CXX_FEATURE:1cxx_static_assert
    Feature record: CXX_FEATURE:1cxx_strong_enums
    Feature record: CXX_FEATURE:1cxx_template_template_parameters
    Feature record: CXX_FEATURE:1cxx_thread_local
    Feature record: CXX_FEATURE:1cxx_trailing_return_types
    Feature record: CXX_FEATURE:1cxx_unicode_literals
    Feature record: CXX_FEATURE:1cxx_uniform_initialization
    Feature record: CXX_FEATURE:1cxx_unrestricted_unions
    Feature record: CXX_FEATURE:1cxx_user_literals
    Feature record: CXX_FEATURE:1cxx_variable_templates
    Feature record: CXX_FEATURE:1cxx_variadic_macros
    Feature record: CXX_FEATURE:1cxx_variadic_templates


Detecting CXX [-std=c++14] compiler features compiled with the following output:
Change Dir: /home/waltera/polIter/build/CMakeFiles/CMakeTmp

Run Build Command:"/usr/bin/gmake" "cmTC_ad5fc/fast"
/usr/bin/gmake -f CMakeFiles/cmTC_ad5fc.dir/build.make CMakeFiles/cmTC_ad5fc.dir/build
gmake[1]: Entering directory `/nfs/home6/waltera/polIter/build/CMakeFiles/CMakeTmp'
Building CXX object CMakeFiles/cmTC_ad5fc.dir/feature_tests.cxx.o
/sw/arch/RedHatEnterpriseServer7/EB_production/2019/software/GCCcore/7.3.0/bin/c++    -std=c++14 -o CMakeFiles/cmTC_ad5fc.dir/feature_tests.cxx.o -c /home/waltera/polIter/build/CMakeFiles/feature_tests.cxx
Linking CXX executable cmTC_ad5fc
/nfs/admin/hpc/arch/AVX/RedHatEnterpriseServer7/EB_production/2019/software/CMake/3.12.1-GCCcore-7.3.0/bin/cmake -E cmake_link_script CMakeFiles/cmTC_ad5fc.dir/link.txt --verbose=1
/sw/arch/RedHatEnterpriseServer7/EB_production/2019/software/GCCcore/7.3.0/bin/c++       -rdynamic CMakeFiles/cmTC_ad5fc.dir/feature_tests.cxx.o  -o cmTC_ad5fc 
gmake[1]: Leaving directory `/nfs/home6/waltera/polIter/build/CMakeFiles/CMakeTmp'


    Feature record: CXX_FEATURE:1cxx_aggregate_default_initializers
    Feature record: CXX_FEATURE:1cxx_alias_templates
    Feature record: CXX_FEATURE:1cxx_alignas
    Feature record: CXX_FEATURE:1cxx_alignof
    Feature record: CXX_FEATURE:1cxx_attributes
    Feature record: CXX_FEATURE:1cxx_attribute_deprecated
    Feature record: CXX_FEATURE:1cxx_auto_type
    Feature record: CXX_FEATURE:1cxx_binary_literals
    Feature record: CXX_FEATURE:1cxx_constexpr
    Feature record: CXX_FEATURE:1cxx_contextual_conversions
    Feature record: CXX_FEATURE:1cxx_decltype
    Feature record: CXX_FEATURE:1cxx_decltype_auto
    Feature record: CXX_FEATURE:1cxx_decltype_incomplete_return_types
    Feature record: CXX_FEATURE:1cxx_default_function_template_args
    Feature record: CXX_FEATURE:1cxx_defaulted_functions
    Feature record: CXX_FEATURE:1cxx_defaulted_move_initializers
    Feature record: CXX_FEATURE:1cxx_delegating_constructors
    Feature record: CXX_FEATURE:1cxx_deleted_functions
    Feature record: CXX_FEATURE:1cxx_digit_separators
    Feature record: CXX_FEATURE:1cxx_enum_forward_declarations
    Feature record: CXX_FEATURE:1cxx_explicit_conversions
    Feature record: CXX_FEATURE:1cxx_extended_friend_declarations
    Feature record: CXX_FEATURE:1cxx_extern_templates
    Feature record: CXX_FEATURE:1cxx_final
    Feature record: CXX_FEATURE:1cxx_func_identifier
    Feature record: CXX_FEATURE:1cxx_generalized_initializers
    Feature record: CXX_FEATURE:1cxx_generic_lambdas
    Feature record: CXX_FEATURE:1cxx_inheriting_constructors
    Feature record: CXX_FEATURE:1cxx_inline_namespaces
    Feature record: CXX_FEATURE:1cxx_lambdas
    Feature record: CXX_FEATURE:1cxx_lambda_init_captures
    Feature record: CXX_FEATURE:1cxx_local_type_template_args
    Feature record: CXX_FEATURE:1cxx_long_long_type
    Feature record: CXX_FEATURE:1cxx_noexcept
    Feature record: CXX_FEATURE:1cxx_nonstatic_member_init
    Feature record: CXX_FEATURE:1cxx_nullptr
    Feature record: CXX_FEATURE:1cxx_override
    Feature record: CXX_FEATURE:1cxx_range_for
    Feature record: CXX_FEATURE:1cxx_raw_string_literals
    Feature record: CXX_FEATURE:1cxx_reference_qualified_functions
    Feature record: CXX_FEATURE:1cxx_relaxed_constexpr
    Feature record: CXX_FEATURE:1cxx_return_type_deduction
    Feature record: CXX_FEATURE:1cxx_right_angle_brackets
    Feature record: CXX_FEATURE:1cxx_rvalue_references
    Feature record: CXX_FEATURE:1cxx_sizeof_member
    Feature record: CXX_FEATURE:1cxx_static_assert
    Feature record: CXX_FEATURE:1cxx_strong_enums
    Feature record: CXX_FEATURE:1cxx_template_template_parameters
    Feature record: CXX_FEATURE:1cxx_thread_local
    Feature record: CXX_FEATURE:1cxx_trailing_return_types
    Feature record: CXX_FEATURE:1cxx_unicode_literals
    Feature record: CXX_FEATURE:1cxx_uniform_initialization
    Feature record: CXX_FEATURE:1cxx_unrestricted_unions
    Feature record: CXX_FEATURE:1cxx_user_literals
    Feature record: CXX_FEATURE:1cxx_variable_templates
    Feature record: CXX_FEATURE:1cxx_variadic_macros
    Feature record: CXX_FEATURE:1cxx_variadic_templates


Detecting CXX [-std=c++11] compiler features compiled with the following output:
Change Dir: /home/waltera/polIter/build/CMakeFiles/CMakeTmp

Run Build Command:"/usr/bin/gmake" "cmTC_2ef83/fast"
/usr/bin/gmake -f CMakeFiles/cmTC_2ef83.dir/build.make CMakeFiles/cmTC_2ef83.dir/build
gmake[1]: Entering directory `/nfs/home6/waltera/polIter/build/CMakeFiles/CMakeTmp'
Building CXX object CMakeFiles/cmTC_2ef83.dir/feature_tests.cxx.o
/sw/arch/RedHatEnterpriseServer7/EB_production/2019/software/GCCcore/7.3.0/bin/c++    -std=c++11 -o CMakeFiles/cmTC_2ef83.dir/feature_tests.cxx.o -c /home/waltera/polIter/build/CMakeFiles/feature_tests.cxx
Linking CXX executable cmTC_2ef83
/nfs/admin/hpc/arch/AVX/RedHatEnterpriseServer7/EB_production/2019/software/CMake/3.12.1-GCCcore-7.3.0/bin/cmake -E cmake_link_script CMakeFiles/cmTC_2ef83.dir/link.txt --verbose=1
/sw/arch/RedHatEnterpriseServer7/EB_production/2019/software/GCCcore/7.3.0/bin/c++       -rdynamic CMakeFiles/cmTC_2ef83.dir/feature_tests.cxx.o  -o cmTC_2ef83 
gmake[1]: Leaving directory `/nfs/home6/waltera/polIter/build/CMakeFiles/CMakeTmp'


    Feature record: CXX_FEATURE:0cxx_aggregate_default_initializers
    Feature record: CXX_FEATURE:1cxx_alias_templates
    Feature record: CXX_FEATURE:1cxx_alignas
    Feature record: CXX_FEATURE:1cxx_alignof
    Feature record: CXX_FEATURE:1cxx_attributes
    Feature record: CXX_FEATURE:0cxx_attribute_deprecated
    Feature record: CXX_FEATURE:1cxx_auto_type
    Feature record: CXX_FEATURE:0cxx_binary_literals
    Feature record: CXX_FEATURE:1cxx_constexpr
    Feature record: CXX_FEATURE:0cxx_contextual_conversions
    Feature record: CXX_FEATURE:1cxx_decltype
    Feature record: CXX_FEATURE:0cxx_decltype_auto
    Feature record: CXX_FEATURE:1cxx_decltype_incomplete_return_types
    Feature record: CXX_FEATURE:1cxx_default_function_template_args
    Feature record: CXX_FEATURE:1cxx_defaulted_functions
    Feature record: CXX_FEATURE:1cxx_defaulted_move_initializers
    Feature record: CXX_FEATURE:1cxx_delegating_constructors
    Feature record: CXX_FEATURE:1cxx_deleted_functions
    Feature record: CXX_FEATURE:0cxx_digit_separators
    Feature record: CXX_FEATURE:1cxx_enum_forward_declarations
    Feature record: CXX_FEATURE:1cxx_explicit_conversions
    Feature record: CXX_FEATURE:1cxx_extended_friend_declarations
    Feature record: CXX_FEATURE:1cxx_extern_templates
    Feature record: CXX_FEATURE:1cxx_final
    Feature record: CXX_FEATURE:1cxx_func_identifier
    Feature record: CXX_FEATURE:1cxx_generalized_initializers
    Feature record: CXX_FEATURE:0cxx_generic_lambdas
    Feature record: CXX_FEATURE:1cxx_inheriting_constructors
    Feature record: CXX_FEATURE:1cxx_inline_namespaces
    Feature record: CXX_FEATURE:1cxx_lambdas
    Feature record: CXX_FEATURE:0cxx_lambda_init_captures
    Feature record: CXX_FEATURE:1cxx_local_type_template_args
    Feature record: CXX_FEATURE:1cxx_long_long_type
    Feature record: CXX_FEATURE:1cxx_noexcept
    Feature record: CXX_FEATURE:1cxx_nonstatic_member_init
    Feature record: CXX_FEATURE:1cxx_nullptr
    Feature record: CXX_FEATURE:1cxx_override
    Feature record: CXX_FEATURE:1cxx_range_for
    Feature record: CXX_FEATURE:1cxx_raw_string_literals
    Feature record: CXX_FEATURE:1cxx_reference_qualified_functions
    Feature record: CXX_FEATURE:0cxx_relaxed_constexpr
    Feature record: CXX_FEATURE:0cxx_return_type_deduction
    Feature record: CXX_FEATURE:1cxx_right_angle_brackets
    Feature record: CXX_FEATURE:1cxx_rvalue_references
    Feature record: CXX_FEATURE:1cxx_sizeof_member
    Feature record: CXX_FEATURE:1cxx_static_assert
    Feature record: CXX_FEATURE:1cxx_strong_enums
    Feature record: CXX_FEATURE:1cxx_template_template_parameters
    Feature record: CXX_FEATURE:1cxx_thread_local
    Feature record: CXX_FEATURE:1cxx_trailing_return_types
    Feature record: CXX_FEATURE:1cxx_unicode_literals
    Feature record: CXX_FEATURE:1cxx_uniform_initialization
    Feature record: CXX_FEATURE:1cxx_unrestricted_unions
    Feature record: CXX_FEATURE:1cxx_user_literals
    Feature record: CXX_FEATURE:0cxx_variable_templates
    Feature record: CXX_FEATURE:1cxx_variadic_macros
    Feature record: CXX_FEATURE:1cxx_variadic_templates


Detecting CXX [-std=c++98] compiler features compiled with the following output:
Change Dir: /home/waltera/polIter/build/CMakeFiles/CMakeTmp

Run Build Command:"/usr/bin/gmake" "cmTC_0a47c/fast"
/usr/bin/gmake -f CMakeFiles/cmTC_0a47c.dir/build.make CMakeFiles/cmTC_0a47c.dir/build
gmake[1]: Entering directory `/nfs/home6/waltera/polIter/build/CMakeFiles/CMakeTmp'
Building CXX object CMakeFiles/cmTC_0a47c.dir/feature_tests.cxx.o
/sw/arch/RedHatEnterpriseServer7/EB_production/2019/software/GCCcore/7.3.0/bin/c++    -std=c++98 -o CMakeFiles/cmTC_0a47c.dir/feature_tests.cxx.o -c /home/waltera/polIter/build/CMakeFiles/feature_tests.cxx
Linking CXX executable cmTC_0a47c
/nfs/admin/hpc/arch/AVX/RedHatEnterpriseServer7/EB_production/2019/software/CMake/3.12.1-GCCcore-7.3.0/bin/cmake -E cmake_link_script CMakeFiles/cmTC_0a47c.dir/link.txt --verbose=1
/sw/arch/RedHatEnterpriseServer7/EB_production/2019/software/GCCcore/7.3.0/bin/c++       -rdynamic CMakeFiles/cmTC_0a47c.dir/feature_tests.cxx.o  -o cmTC_0a47c 
gmake[1]: Leaving directory `/nfs/home6/waltera/polIter/build/CMakeFiles/CMakeTmp'


    Feature record: CXX_FEATURE:0cxx_aggregate_default_initializers
    Feature record: CXX_FEATURE:0cxx_alias_templates
    Feature record: CXX_FEATURE:0cxx_alignas
    Feature record: CXX_FEATURE:0cxx_alignof
    Feature record: CXX_FEATURE:0cxx_attributes
    Feature record: CXX_FEATURE:0cxx_attribute_deprecated
    Feature record: CXX_FEATURE:0cxx_auto_type
    Feature record: CXX_FEATURE:0cxx_binary_literals
    Feature record: CXX_FEATURE:0cxx_constexpr
    Feature record: CXX_FEATURE:0cxx_contextual_conversions
    Feature record: CXX_FEATURE:0cxx_decltype
    Feature record: CXX_FEATURE:0cxx_decltype_auto
    Feature record: CXX_FEATURE:0cxx_decltype_incomplete_return_types
    Feature record: CXX_FEATURE:0cxx_default_function_template_args
    Feature record: CXX_FEATURE:0cxx_defaulted_functions
    Feature record: CXX_FEATURE:0cxx_defaulted_move_initializers
    Feature record: CXX_FEATURE:0cxx_delegating_constructors
    Feature record: CXX_FEATURE:0cxx_deleted_functions
    Feature record: CXX_FEATURE:0cxx_digit_separators
    Feature record: CXX_FEATURE:0cxx_enum_forward_declarations
    Feature record: CXX_FEATURE:0cxx_explicit_conversions
    Feature record: CXX_FEATURE:0cxx_extended_friend_declarations
    Feature record: CXX_FEATURE:0cxx_extern_templates
    Feature record: CXX_FEATURE:0cxx_final
    Feature record: CXX_FEATURE:0cxx_func_identifier
    Feature record: CXX_FEATURE:0cxx_generalized_initializers
    Feature record: CXX_FEATURE:0cxx_generic_lambdas
    Feature record: CXX_FEATURE:0cxx_inheriting_constructors
    Feature record: CXX_FEATURE:0cxx_inline_namespaces
    Feature record: CXX_FEATURE:0cxx_lambdas
    Feature record: CXX_FEATURE:0cxx_lambda_init_captures
    Feature record: CXX_FEATURE:0cxx_local_type_template_args
    Feature record: CXX_FEATURE:0cxx_long_long_type
    Feature record: CXX_FEATURE:0cxx_noexcept
    Feature record: CXX_FEATURE:0cxx_nonstatic_member_init
    Feature record: CXX_FEATURE:0cxx_nullptr
    Feature record: CXX_FEATURE:0cxx_override
    Feature record: CXX_FEATURE:0cxx_range_for
    Feature record: CXX_FEATURE:0cxx_raw_string_literals
    Feature record: CXX_FEATURE:0cxx_reference_qualified_functions
    Feature record: CXX_FEATURE:0cxx_relaxed_constexpr
    Feature record: CXX_FEATURE:0cxx_return_type_deduction
    Feature record: CXX_FEATURE:0cxx_right_angle_brackets
    Feature record: CXX_FEATURE:0cxx_rvalue_references
    Feature record: CXX_FEATURE:0cxx_sizeof_member
    Feature record: CXX_FEATURE:0cxx_static_assert
    Feature record: CXX_FEATURE:0cxx_strong_enums
    Feature record: CXX_FEATURE:1cxx_template_template_parameters
    Feature record: CXX_FEATURE:0cxx_thread_local
    Feature record: CXX_FEATURE:0cxx_trailing_return_types
    Feature record: CXX_FEATURE:0cxx_unicode_literals
    Feature record: CXX_FEATURE:0cxx_uniform_initialization
    Feature record: CXX_FEATURE:0cxx_unrestricted_unions
    Feature record: CXX_FEATURE:0cxx_user_literals
    Feature record: CXX_FEATURE:0cxx_variable_templates
    Feature record: CXX_FEATURE:0cxx_variadic_macros
    Feature record: CXX_FEATURE:0cxx_variadic_templates
Determining if the include file pthread.h exists passed with the following output:
Change Dir: /home/waltera/polIter/build/CMakeFiles/CMakeTmp

Run Build Command:"/usr/bin/gmake" "cmTC_5406a/fast"
/usr/bin/gmake -f CMakeFiles/cmTC_5406a.dir/build.make CMakeFiles/cmTC_5406a.dir/build
gmake[1]: Entering directory `/nfs/home6/waltera/polIter/build/CMakeFiles/CMakeTmp'
Building C object CMakeFiles/cmTC_5406a.dir/CheckIncludeFile.c.o
/sw/arch/RedHatEnterpriseServer7/EB_production/2019/software/GCCcore/7.3.0/bin/cc    -o CMakeFiles/cmTC_5406a.dir/CheckIncludeFile.c.o   -c /home/waltera/polIter/build/CMakeFiles/CMakeTmp/CheckIncludeFile.c
Linking C executable cmTC_5406a
/nfs/admin/hpc/arch/AVX/RedHatEnterpriseServer7/EB_production/2019/software/CMake/3.12.1-GCCcore-7.3.0/bin/cmake -E cmake_link_script CMakeFiles/cmTC_5406a.dir/link.txt --verbose=1
/sw/arch/RedHatEnterpriseServer7/EB_production/2019/software/GCCcore/7.3.0/bin/cc      -rdynamic CMakeFiles/cmTC_5406a.dir/CheckIncludeFile.c.o  -o cmTC_5406a 
gmake[1]: Leaving directory `/nfs/home6/waltera/polIter/build/CMakeFiles/CMakeTmp'


Determining if the function pthread_create exists in the pthread passed with the following output:
Change Dir: /home/waltera/polIter/build/CMakeFiles/CMakeTmp

Run Build Command:"/usr/bin/gmake" "cmTC_7282f/fast"
/usr/bin/gmake -f CMakeFiles/cmTC_7282f.dir/build.make CMakeFiles/cmTC_7282f.dir/build
gmake[1]: Entering directory `/nfs/home6/waltera/polIter/build/CMakeFiles/CMakeTmp'
Building C object CMakeFiles/cmTC_7282f.dir/CheckFunctionExists.c.o
/sw/arch/RedHatEnterpriseServer7/EB_production/2019/software/GCCcore/7.3.0/bin/cc   -DCHECK_FUNCTION_EXISTS=pthread_create   -o CMakeFiles/cmTC_7282f.dir/CheckFunctionExists.c.o   -c /nfs/admin/hpc/arch/AVX/RedHatEnterpriseServer7/EB_production/2019/software/CMake/3.12.1-GCCcore-7.3.0/share/cmake-3.12/Modules/CheckFunctionExists.c
Linking C executable cmTC_7282f
/nfs/admin/hpc/arch/AVX/RedHatEnterpriseServer7/EB_production/2019/software/CMake/3.12.1-GCCcore-7.3.0/bin/cmake -E cmake_link_script CMakeFiles/cmTC_7282f.dir/link.txt --verbose=1
/sw/arch/RedHatEnterpriseServer7/EB_production/2019/software/GCCcore/7.3.0/bin/cc  -DCHECK_FUNCTION_EXISTS=pthread_create    -rdynamic CMakeFiles/cmTC_7282f.dir/CheckFunctionExists.c.o  -o cmTC_7282f -lpthread 
gmake[1]: Leaving directory `/nfs/home6/waltera/polIter/build/CMakeFiles/CMakeTmp'


